<?xml version="1.0" encoding="UTF-8"?>
<testsuite xmlns:xsi="http://www.w3.org/2001/XMLSchema-instance" xsi:noNamespaceSchemaLocation="https://maven.apache.org/surefire/maven-surefire-plugin/xsd/surefire-test-report-3.0.xsd" version="3.0" name="io.quarkus.workshop.superheroes.villain.VillainResourceTest" time="31.377" tests="13" errors="0" skipped="0" failures="0">
  <properties>
[...]
</properties>
  <testcase name="shouldGetInitialItems" classname="io.quarkus.workshop.superheroes.villain.VillainResourceTest" time="2.422">
    <system-out><![CDATA[Downloading from central: https://repo.maven.apache.org/maven2/io/quarkus/quarkus-resteasy-deployment/1.7.2.Final/quarkus-resteasy-deployment-1.7.2.Final.pom
Progress (1): quarkus-resteasy-deployment-1.7.2.Final.pom (2.7/4.0 kB)Progress (1): quarkus-resteasy-deployment-1.7.2.Final.pom (4.0 kB)                                                                      Downloaded from central: https://repo.maven.apache.org/maven2/io/quarkus/quarkus-resteasy-deployment/1.7.2.Final/quarkus-resteasy-deployment-1.7.2.Final.pom (4.0 kB at 7.9 kB/s)
Downloading from central: https://repo.maven.apache.org/maven2/io/quarkus/quarkus-resteasy-server-common-deployment/1.7.2.Final/quarkus-resteasy-server-common-deployment-1.7.2.Final.pom
Progress (1): quarkus-resteasy-server-common-deployment-1.7.2.Final.pom (2.2 kB)                                                                                Downloaded from central: https://repo.maven.apache.org/maven2/io/quarkus/quarkus-resteasy-server-common-deployment/1.7.2.Final/quarkus-resteasy-server-common-deployment-1.7.2.Final.pom (2.2 kB at 27 kB/s)
Downloading from central: https://repo.maven.apache.org/maven2/io/quarkus/quarkus-resteasy-common-deployment/1.7.2.Final/quarkus-resteasy-common-deployment-1.7.2.Final.pom
Progress (1): quarkus-resteasy-common-deployment-1.7.2.Final.pom (2.0 kB)                                                                         Downloaded from central: https://repo.maven.apache.org/maven2/io/quarkus/quarkus-resteasy-common-deployment/1.7.2.Final/quarkus-resteasy-common-deployment-1.7.2.Final.pom (2.0 kB at 24 kB/s)
Downloading from central: https://repo.maven.apache.org/maven2/io/quarkus/quarkus-resteasy-common-spi/1.7.2.Final/quarkus-resteasy-common-spi-1.7.2.Final.pom
Progress (1): quarkus-resteasy-common-spi-1.7.2.Final.pom (817 B)                                                                 Downloaded from central: https://repo.maven.apache.org/maven2/io/quarkus/quarkus-resteasy-common-spi/1.7.2.Final/quarkus-resteasy-common-spi-1.7.2.Final.pom (817 B at 7.9 kB/s)
Downloading from central: https://repo.maven.apache.org/maven2/io/quarkus/quarkus-arc-deployment/1.7.2.Final/quarkus-arc-deployment-1.7.2.Final.pom
Progress (1): quarkus-arc-deployment-1.7.2.Final.pom (1.6 kB)                                                             Downloaded from central: https://repo.maven.apache.org/maven2/io/quarkus/quarkus-arc-deployment/1.7.2.Final/quarkus-arc-deployment-1.7.2.Final.pom (1.6 kB at 16 kB/s)
Downloading from central: https://repo.maven.apache.org/maven2/io/quarkus/arc/arc-processor/1.7.2.Final/arc-processor-1.7.2.Final.pom
Progress (1): arc-processor-1.7.2.Final.pom (1.7 kB)                                                    Downloaded from central: https://repo.maven.apache.org/maven2/io/quarkus/arc/arc-processor/1.7.2.Final/arc-processor-1.7.2.Final.pom (1.7 kB at 21 kB/s)
Downloading from central: https://repo.maven.apache.org/maven2/io/quarkus/quarkus-resteasy-server-common-spi/1.7.2.Final/quarkus-resteasy-server-common-spi-1.7.2.Final.pom
Progress (1): quarkus-resteasy-server-common-spi-1.7.2.Final.pom (889 B)                                                                        Downloaded from central: https://repo.maven.apache.org/maven2/io/quarkus/quarkus-resteasy-server-common-spi/1.7.2.Final/quarkus-resteasy-server-common-spi-1.7.2.Final.pom (889 B at 11 kB/s)
Downloading from central: https://repo.maven.apache.org/maven2/io/quarkus/quarkus-undertow-spi/1.7.2.Final/quarkus-undertow-spi-1.7.2.Final.pom
Progress (1): quarkus-undertow-spi-1.7.2.Final.pom (2.0 kB)                                                           Downloaded from central: https://repo.maven.apache.org/maven2/io/quarkus/quarkus-undertow-spi/1.7.2.Final/quarkus-undertow-spi-1.7.2.Final.pom (2.0 kB at 19 kB/s)
Downloading from central: https://repo.maven.apache.org/maven2/io/quarkus/quarkus-http-parent/1.7.2.Final/quarkus-http-parent-1.7.2.Final.pom
Progress (1): quarkus-http-parent-1.7.2.Final.pom (780 B)                                                         Downloaded from central: https://repo.maven.apache.org/maven2/io/quarkus/quarkus-http-parent/1.7.2.Final/quarkus-http-parent-1.7.2.Final.pom (780 B at 8.7 kB/s)
Downloading from central: https://repo.maven.apache.org/maven2/io/quarkus/quarkus-vertx-http-deployment/1.7.2.Final/quarkus-vertx-http-deployment-1.7.2.Final.pom
Progress (1): quarkus-vertx-http-deployment-1.7.2.Final.pom (2.7/3.0 kB)Progress (1): quarkus-vertx-http-deployment-1.7.2.Final.pom (3.0 kB)                                                                        Downloaded from central: https://repo.maven.apache.org/maven2/io/quarkus/quarkus-vertx-http-deployment/1.7.2.Final/quarkus-vertx-http-deployment-1.7.2.Final.pom (3.0 kB at 34 kB/s)
Downloading from central: https://repo.maven.apache.org/maven2/io/quarkus/quarkus-vertx-core-deployment/1.7.2.Final/quarkus-vertx-core-deployment-1.7.2.Final.pom
Progress (1): quarkus-vertx-core-deployment-1.7.2.Final.pom (2.4 kB)                                                                    Downloaded from central: https://repo.maven.apache.org/maven2/io/quarkus/quarkus-vertx-core-deployment/1.7.2.Final/quarkus-vertx-core-deployment-1.7.2.Final.pom (2.4 kB at 24 kB/s)
Downloading from central: https://repo.maven.apache.org/maven2/io/quarkus/quarkus-netty-deployment/1.7.2.Final/quarkus-netty-deployment-1.7.2.Final.pom
Progress (1): quarkus-netty-deployment-1.7.2.Final.pom (1.6 kB)                                                               Downloaded from central: https://repo.maven.apache.org/maven2/io/quarkus/quarkus-netty-deployment/1.7.2.Final/quarkus-netty-deployment-1.7.2.Final.pom (1.6 kB at 13 kB/s)
Downloading from central: https://repo.maven.apache.org/maven2/io/quarkus/quarkus-kubernetes-spi/1.7.2.Final/quarkus-kubernetes-spi-1.7.2.Final.pom
Progress (1): quarkus-kubernetes-spi-1.7.2.Final.pom (1.2 kB)                                                             Downloaded from central: https://repo.maven.apache.org/maven2/io/quarkus/quarkus-kubernetes-spi/1.7.2.Final/quarkus-kubernetes-spi-1.7.2.Final.pom (1.2 kB at 11 kB/s)
Downloading from central: https://repo.maven.apache.org/maven2/io/quarkus/quarkus-security-spi/1.7.2.Final/quarkus-security-spi-1.7.2.Final.pom
Progress (1): quarkus-security-spi-1.7.2.Final.pom (1.4 kB)                                                           Downloaded from central: https://repo.maven.apache.org/maven2/io/quarkus/quarkus-security-spi/1.7.2.Final/quarkus-security-spi-1.7.2.Final.pom (1.4 kB at 15 kB/s)
Downloading from central: https://repo.maven.apache.org/maven2/io/quarkus/quarkus-resteasy-jsonb-deployment/1.7.2.Final/quarkus-resteasy-jsonb-deployment-1.7.2.Final.pom
Progress (1): quarkus-resteasy-jsonb-deployment-1.7.2.Final.pom (2.3 kB)                                                                        Downloaded from central: https://repo.maven.apache.org/maven2/io/quarkus/quarkus-resteasy-jsonb-deployment/1.7.2.Final/quarkus-resteasy-jsonb-deployment-1.7.2.Final.pom (2.3 kB at 27 kB/s)
Downloading from central: https://repo.maven.apache.org/maven2/io/quarkus/quarkus-jsonb-deployment/1.7.2.Final/quarkus-jsonb-deployment-1.7.2.Final.pom
Progress (1): quarkus-jsonb-deployment-1.7.2.Final.pom (2.0 kB)                                                               Downloaded from central: https://repo.maven.apache.org/maven2/io/quarkus/quarkus-jsonb-deployment/1.7.2.Final/quarkus-jsonb-deployment-1.7.2.Final.pom (2.0 kB at 23 kB/s)
Downloading from central: https://repo.maven.apache.org/maven2/io/quarkus/quarkus-jsonb-spi/1.7.2.Final/quarkus-jsonb-spi-1.7.2.Final.pom
Progress (1): quarkus-jsonb-spi-1.7.2.Final.pom (828 B)                                                       Downloaded from central: https://repo.maven.apache.org/maven2/io/quarkus/quarkus-jsonb-spi/1.7.2.Final/quarkus-jsonb-spi-1.7.2.Final.pom (828 B at 10 kB/s)
Downloading from central: https://repo.maven.apache.org/maven2/io/quarkus/quarkus-hibernate-orm-panache-deployment/1.7.2.Final/quarkus-hibernate-orm-panache-deployment-1.7.2.Final.pom
Progress (1): quarkus-hibernate-orm-panache-deployment-1.7.2.Final.pom (2.7/3.5 kB)Progress (1): quarkus-hibernate-orm-panache-deployment-1.7.2.Final.pom (3.5 kB)                                                                                   Downloaded from central: https://repo.maven.apache.org/maven2/io/quarkus/quarkus-hibernate-orm-panache-deployment/1.7.2.Final/quarkus-hibernate-orm-panache-deployment-1.7.2.Final.pom (3.5 kB at 44 kB/s)
Downloading from central: https://repo.maven.apache.org/maven2/io/quarkus/quarkus-hibernate-orm-deployment/1.7.2.Final/quarkus-hibernate-orm-deployment-1.7.2.Final.pom
Progress (1): quarkus-hibernate-orm-deployment-1.7.2.Final.pom (2.7/3.4 kB)Progress (1): quarkus-hibernate-orm-deployment-1.7.2.Final.pom (3.4 kB)                                                                           Downloaded from central: https://repo.maven.apache.org/maven2/io/quarkus/quarkus-hibernate-orm-deployment/1.7.2.Final/quarkus-hibernate-orm-deployment-1.7.2.Final.pom (3.4 kB at 20 kB/s)
Downloading from central: https://repo.maven.apache.org/maven2/io/quarkus/quarkus-narayana-jta-deployment/1.7.2.Final/quarkus-narayana-jta-deployment-1.7.2.Final.pom
Progress (1): quarkus-narayana-jta-deployment-1.7.2.Final.pom (2.0 kB)                                                                      Downloaded from central: https://repo.maven.apache.org/maven2/io/quarkus/quarkus-narayana-jta-deployment/1.7.2.Final/quarkus-narayana-jta-deployment-1.7.2.Final.pom (2.0 kB at 15 kB/s)
Downloading from central: https://repo.maven.apache.org/maven2/io/quarkus/quarkus-mutiny-deployment/1.7.2.Final/quarkus-mutiny-deployment-1.7.2.Final.pom
Progress (1): quarkus-mutiny-deployment-1.7.2.Final.pom (2.0 kB)                                                                Downloaded from central: https://repo.maven.apache.org/maven2/io/quarkus/quarkus-mutiny-deployment/1.7.2.Final/quarkus-mutiny-deployment-1.7.2.Final.pom (2.0 kB at 22 kB/s)
Downloading from central: https://repo.maven.apache.org/maven2/io/quarkus/quarkus-smallrye-context-propagation-deployment/1.7.2.Final/quarkus-smallrye-context-propagation-deployment-1.7.2.Final.pom
Progress (1): quarkus-smallrye-context-propagation-deployment-1.7.2.Final.pom (1.8 kB)                                                                                      Downloaded from central: https://repo.maven.apache.org/maven2/io/quarkus/quarkus-smallrye-context-propagation-deployment/1.7.2.Final/quarkus-smallrye-context-propagation-deployment-1.7.2.Final.pom (1.8 kB at 21 kB/s)
Downloading from central: https://repo.maven.apache.org/maven2/io/quarkus/quarkus-agroal-deployment/1.7.2.Final/quarkus-agroal-deployment-1.7.2.Final.pom
Progress (1): quarkus-agroal-deployment-1.7.2.Final.pom (2.7/3.8 kB)Progress (1): quarkus-agroal-deployment-1.7.2.Final.pom (3.8 kB)                                                                    Downloaded from central: https://repo.maven.apache.org/maven2/io/quarkus/quarkus-agroal-deployment/1.7.2.Final/quarkus-agroal-deployment-1.7.2.Final.pom (3.8 kB at 31 kB/s)
Downloading from central: https://repo.maven.apache.org/maven2/io/quarkus/quarkus-datasource-deployment/1.7.2.Final/quarkus-datasource-deployment-1.7.2.Final.pom
Progress (1): quarkus-datasource-deployment-1.7.2.Final.pom (1.7 kB)                                                                    Downloaded from central: https://repo.maven.apache.org/maven2/io/quarkus/quarkus-datasource-deployment/1.7.2.Final/quarkus-datasource-deployment-1.7.2.Final.pom (1.7 kB at 18 kB/s)
Downloading from central: https://repo.maven.apache.org/maven2/io/quarkus/quarkus-agroal-spi/1.7.2.Final/quarkus-agroal-spi-1.7.2.Final.pom
Progress (1): quarkus-agroal-spi-1.7.2.Final.pom (1.1 kB)                                                         Downloaded from central: https://repo.maven.apache.org/maven2/io/quarkus/quarkus-agroal-spi/1.7.2.Final/quarkus-agroal-spi-1.7.2.Final.pom (1.1 kB at 13 kB/s)
Downloading from central: https://repo.maven.apache.org/maven2/io/quarkus/quarkus-credentials-deployment/1.7.2.Final/quarkus-credentials-deployment-1.7.2.Final.pom
Progress (1): quarkus-credentials-deployment-1.7.2.Final.pom (1.7 kB)                                                                     Downloaded from central: https://repo.maven.apache.org/maven2/io/quarkus/quarkus-credentials-deployment/1.7.2.Final/quarkus-credentials-deployment-1.7.2.Final.pom (1.7 kB at 18 kB/s)
Downloading from central: https://repo.maven.apache.org/maven2/io/quarkus/quarkus-smallrye-health-spi/1.7.2.Final/quarkus-smallrye-health-spi-1.7.2.Final.pom
Progress (1): quarkus-smallrye-health-spi-1.7.2.Final.pom (816 B)                                                                 Downloaded from central: https://repo.maven.apache.org/maven2/io/quarkus/quarkus-smallrye-health-spi/1.7.2.Final/quarkus-smallrye-health-spi-1.7.2.Final.pom (816 B at 6.1 kB/s)
Downloading from central: https://repo.maven.apache.org/maven2/io/quarkus/quarkus-caffeine-deployment/1.7.2.Final/quarkus-caffeine-deployment-1.7.2.Final.pom
Progress (1): quarkus-caffeine-deployment-1.7.2.Final.pom (1.5 kB)                                                                  Downloaded from central: https://repo.maven.apache.org/maven2/io/quarkus/quarkus-caffeine-deployment/1.7.2.Final/quarkus-caffeine-deployment-1.7.2.Final.pom (1.5 kB at 14 kB/s)
Downloading from central: https://repo.maven.apache.org/maven2/io/quarkus/quarkus-hibernate-orm-panache-common-deployment/1.7.2.Final/quarkus-hibernate-orm-panache-common-deployment-1.7.2.Final.pom
Progress (1): quarkus-hibernate-orm-panache-common-deployment-1.7.2.Final.pom (2.4 kB)                                                                                      Downloaded from central: https://repo.maven.apache.org/maven2/io/quarkus/quarkus-hibernate-orm-panache-common-deployment/1.7.2.Final/quarkus-hibernate-orm-panache-common-deployment-1.7.2.Final.pom (2.4 kB at 29 kB/s)
Downloading from central: https://repo.maven.apache.org/maven2/io/quarkus/quarkus-panache-common-deployment/1.7.2.Final/quarkus-panache-common-deployment-1.7.2.Final.pom
Progress (1): quarkus-panache-common-deployment-1.7.2.Final.pom (1.3 kB)                                                                        Downloaded from central: https://repo.maven.apache.org/maven2/io/quarkus/quarkus-panache-common-deployment/1.7.2.Final/quarkus-panache-common-deployment-1.7.2.Final.pom (1.3 kB at 17 kB/s)
Downloading from central: https://repo.maven.apache.org/maven2/io/quarkus/quarkus-jdbc-postgresql-deployment/1.7.2.Final/quarkus-jdbc-postgresql-deployment-1.7.2.Final.pom
Progress (1): quarkus-jdbc-postgresql-deployment-1.7.2.Final.pom (1.8 kB)                                                                         Downloaded from central: https://repo.maven.apache.org/maven2/io/quarkus/quarkus-jdbc-postgresql-deployment/1.7.2.Final/quarkus-jdbc-postgresql-deployment-1.7.2.Final.pom (1.8 kB at 21 kB/s)
Downloading from central: https://repo.maven.apache.org/maven2/io/quarkus/quarkus-hibernate-validator-deployment/1.7.2.Final/quarkus-hibernate-validator-deployment-1.7.2.Final.pom
Progress (1): quarkus-hibernate-validator-deployment-1.7.2.Final.pom (2.7/2.7 kB)Progress (1): quarkus-hibernate-validator-deployment-1.7.2.Final.pom (2.7 kB)                                                                                 Downloaded from central: https://repo.maven.apache.org/maven2/io/quarkus/quarkus-hibernate-validator-deployment/1.7.2.Final/quarkus-hibernate-validator-deployment-1.7.2.Final.pom (2.7 kB at 34 kB/s)
Downloading from central: https://repo.maven.apache.org/maven2/io/quarkus/quarkus-smallrye-openapi-deployment/1.7.2.Final/quarkus-smallrye-openapi-deployment-1.7.2.Final.pom
Progress (1): quarkus-smallrye-openapi-deployment-1.7.2.Final.pom (2.7/3.3 kB)Progress (1): quarkus-smallrye-openapi-deployment-1.7.2.Final.pom (3.3 kB)                                                                              Downloaded from central: https://repo.maven.apache.org/maven2/io/quarkus/quarkus-smallrye-openapi-deployment/1.7.2.Final/quarkus-smallrye-openapi-deployment-1.7.2.Final.pom (3.3 kB at 43 kB/s)
Downloading from central: https://repo.maven.apache.org/maven2/io/quarkus/quarkus-smallrye-openapi-common-deployment/1.7.2.Final/quarkus-smallrye-openapi-common-deployment-1.7.2.Final.pom
Progress (1): quarkus-smallrye-openapi-common-deployment-1.7.2.Final.pom (1.5 kB)                                                                                 Downloaded from central: https://repo.maven.apache.org/maven2/io/quarkus/quarkus-smallrye-openapi-common-deployment/1.7.2.Final/quarkus-smallrye-openapi-common-deployment-1.7.2.Final.pom (1.5 kB at 17 kB/s)
Downloading from central: https://repo.maven.apache.org/maven2/io/quarkus/quarkus-smallrye-openapi-common-parent/1.7.2.Final/quarkus-smallrye-openapi-common-parent-1.7.2.Final.pom
Progress (1): quarkus-smallrye-openapi-common-parent-1.7.2.Final.pom (754 B)                                                                            Downloaded from central: https://repo.maven.apache.org/maven2/io/quarkus/quarkus-smallrye-openapi-common-parent/1.7.2.Final/quarkus-smallrye-openapi-common-parent-1.7.2.Final.pom (754 B at 8.9 kB/s)
Downloading from central: https://repo.maven.apache.org/maven2/io/quarkus/quarkus-swagger-ui-deployment/1.7.2.Final/quarkus-swagger-ui-deployment-1.7.2.Final.pom
Progress (1): quarkus-swagger-ui-deployment-1.7.2.Final.pom (2.5 kB)                                                                    Downloaded from central: https://repo.maven.apache.org/maven2/io/quarkus/quarkus-swagger-ui-deployment/1.7.2.Final/quarkus-swagger-ui-deployment-1.7.2.Final.pom (2.5 kB at 31 kB/s)
Downloading from central: https://repo.maven.apache.org/maven2/io/quarkus/quarkus-smallrye-health-deployment/1.7.2.Final/quarkus-smallrye-health-deployment-1.7.2.Final.pom
Progress (1): quarkus-smallrye-health-deployment-1.7.2.Final.pom (2.6 kB)                                                                         Downloaded from central: https://repo.maven.apache.org/maven2/io/quarkus/quarkus-smallrye-health-deployment/1.7.2.Final/quarkus-smallrye-health-deployment-1.7.2.Final.pom (2.6 kB at 26 kB/s)
Downloading from central: https://repo.maven.apache.org/maven2/io/quarkus/quarkus-smallrye-metrics-deployment/1.7.2.Final/quarkus-smallrye-metrics-deployment-1.7.2.Final.pom
Progress (1): quarkus-smallrye-metrics-deployment-1.7.2.Final.pom (2.7/3.1 kB)Progress (1): quarkus-smallrye-metrics-deployment-1.7.2.Final.pom (3.1 kB)                                                                              Downloaded from central: https://repo.maven.apache.org/maven2/io/quarkus/quarkus-smallrye-metrics-deployment/1.7.2.Final/quarkus-smallrye-metrics-deployment-1.7.2.Final.pom (3.1 kB at 36 kB/s)
Downloading from central: https://repo.maven.apache.org/maven2/io/quarkus/quarkus-smallrye-metrics-spi/1.7.2.Final/quarkus-smallrye-metrics-spi-1.7.2.Final.pom
Progress (1): quarkus-smallrye-metrics-spi-1.7.2.Final.pom (1.3 kB)                                                                   Downloaded from central: https://repo.maven.apache.org/maven2/io/quarkus/quarkus-smallrye-metrics-spi/1.7.2.Final/quarkus-smallrye-metrics-spi-1.7.2.Final.pom (1.3 kB at 17 kB/s)
Downloading from central: https://repo.maven.apache.org/maven2/io/quarkus/quarkus-openshift-deployment/1.7.2.Final/quarkus-openshift-deployment-1.7.2.Final.pom
Progress (1): quarkus-openshift-deployment-1.7.2.Final.pom (2.4 kB)                                                                   Downloaded from central: https://repo.maven.apache.org/maven2/io/quarkus/quarkus-openshift-deployment/1.7.2.Final/quarkus-openshift-deployment-1.7.2.Final.pom (2.4 kB at 29 kB/s)
Downloading from central: https://repo.maven.apache.org/maven2/io/quarkus/quarkus-container-image-s2i-deployment/1.7.2.Final/quarkus-container-image-s2i-deployment-1.7.2.Final.pom
Progress (1): quarkus-container-image-s2i-deployment-1.7.2.Final.pom (2.7/2.9 kB)Progress (1): quarkus-container-image-s2i-deployment-1.7.2.Final.pom (2.9 kB)                                                                                 Downloaded from central: https://repo.maven.apache.org/maven2/io/quarkus/quarkus-container-image-s2i-deployment/1.7.2.Final/quarkus-container-image-s2i-deployment-1.7.2.Final.pom (2.9 kB at 29 kB/s)
Downloading from central: https://repo.maven.apache.org/maven2/io/quarkus/quarkus-container-image-s2i-parent/1.7.2.Final/quarkus-container-image-s2i-parent-1.7.2.Final.pom
Progress (1): quarkus-container-image-s2i-parent-1.7.2.Final.pom (736 B)                                                                        Downloaded from central: https://repo.maven.apache.org/maven2/io/quarkus/quarkus-container-image-s2i-parent/1.7.2.Final/quarkus-container-image-s2i-parent-1.7.2.Final.pom (736 B at 7.4 kB/s)
Downloading from central: https://repo.maven.apache.org/maven2/io/quarkus/quarkus-container-image-parent/1.7.2.Final/quarkus-container-image-parent-1.7.2.Final.pom
Progress (1): quarkus-container-image-parent-1.7.2.Final.pom (933 B)                                                                    Downloaded from central: https://repo.maven.apache.org/maven2/io/quarkus/quarkus-container-image-parent/1.7.2.Final/quarkus-container-image-parent-1.7.2.Final.pom (933 B at 12 kB/s)
Downloading from central: https://repo.maven.apache.org/maven2/io/quarkus/quarkus-kubernetes-client-deployment-internal/1.7.2.Final/quarkus-kubernetes-client-deployment-internal-1.7.2.Final.pom
Progress (1): quarkus-kubernetes-client-deployment-internal-1.7.2.Final.pom (2.0 kB)                                                                                    Downloaded from central: https://repo.maven.apache.org/maven2/io/quarkus/quarkus-kubernetes-client-deployment-internal/1.7.2.Final/quarkus-kubernetes-client-deployment-internal-1.7.2.Final.pom (2.0 kB at 25 kB/s)
Downloading from central: https://repo.maven.apache.org/maven2/io/quarkus/quarkus-kubernetes-client/1.7.2.Final/quarkus-kubernetes-client-1.7.2.Final.pom
Progress (1): quarkus-kubernetes-client-1.7.2.Final.pom (2.7/3.6 kB)Progress (1): quarkus-kubernetes-client-1.7.2.Final.pom (3.6 kB)                                                                    Downloaded from central: https://repo.maven.apache.org/maven2/io/quarkus/quarkus-kubernetes-client/1.7.2.Final/quarkus-kubernetes-client-1.7.2.Final.pom (3.6 kB at 45 kB/s)
Downloading from central: https://repo.maven.apache.org/maven2/io/quarkus/quarkus-jackson/1.7.2.Final/quarkus-jackson-1.7.2.Final.pom
Progress (1): quarkus-jackson-1.7.2.Final.pom (2.2 kB)                                                      Downloaded from central: https://repo.maven.apache.org/maven2/io/quarkus/quarkus-jackson/1.7.2.Final/quarkus-jackson-1.7.2.Final.pom (2.2 kB at 28 kB/s)
Downloading from central: https://repo.maven.apache.org/maven2/io/quarkus/quarkus-jackson-parent/1.7.2.Final/quarkus-jackson-parent-1.7.2.Final.pom
Progress (1): quarkus-jackson-parent-1.7.2.Final.pom (782 B)                                                            Downloaded from central: https://repo.maven.apache.org/maven2/io/quarkus/quarkus-jackson-parent/1.7.2.Final/quarkus-jackson-parent-1.7.2.Final.pom (782 B at 8.9 kB/s)
Downloading from central: https://repo.maven.apache.org/maven2/com/squareup/okhttp3/logging-interceptor/3.12.12/logging-interceptor-3.12.12.pom
Progress (1): logging-interceptor-3.12.12.pom (2.0 kB)                                                      Downloaded from central: https://repo.maven.apache.org/maven2/com/squareup/okhttp3/logging-interceptor/3.12.12/logging-interceptor-3.12.12.pom (2.0 kB at 24 kB/s)
Downloading from central: https://repo.maven.apache.org/maven2/com/squareup/okhttp3/parent/3.12.12/parent-3.12.12.pom
Progress (1): parent-3.12.12.pom (2.7/21 kB)Progress (1): parent-3.12.12.pom (5.5/21 kB)Progress (1): parent-3.12.12.pom (8.2/21 kB)Progress (1): parent-3.12.12.pom (11/21 kB) Progress (1): parent-3.12.12.pom (14/21 kB)Progress (1): parent-3.12.12.pom (16/21 kB)Progress (1): parent-3.12.12.pom (19/21 kB)Progress (1): parent-3.12.12.pom (21 kB)                                           Downloaded from central: https://repo.maven.apache.org/maven2/com/squareup/okhttp3/parent/3.12.12/parent-3.12.12.pom (21 kB at 260 kB/s)
Downloading from central: https://repo.maven.apache.org/maven2/io/quarkus/quarkus-kubernetes-client-spi/1.7.2.Final/quarkus-kubernetes-client-spi-1.7.2.Final.pom
Progress (1): quarkus-kubernetes-client-spi-1.7.2.Final.pom (2.2 kB)                                                                    Downloaded from central: https://repo.maven.apache.org/maven2/io/quarkus/quarkus-kubernetes-client-spi/1.7.2.Final/quarkus-kubernetes-client-spi-1.7.2.Final.pom (2.2 kB at 28 kB/s)
Downloading from central: https://repo.maven.apache.org/maven2/io/quarkus/quarkus-container-image-s2i/1.7.2.Final/quarkus-container-image-s2i-1.7.2.Final.pom
Progress (1): quarkus-container-image-s2i-1.7.2.Final.pom (1.8 kB)                                                                  Downloaded from central: https://repo.maven.apache.org/maven2/io/quarkus/quarkus-container-image-s2i/1.7.2.Final/quarkus-container-image-s2i-1.7.2.Final.pom (1.8 kB at 12 kB/s)
Downloading from central: https://repo.maven.apache.org/maven2/io/quarkus/quarkus-container-image-deployment/1.7.2.Final/quarkus-container-image-deployment-1.7.2.Final.pom
Progress (1): quarkus-container-image-deployment-1.7.2.Final.pom (1.9 kB)                                                                         Downloaded from central: https://repo.maven.apache.org/maven2/io/quarkus/quarkus-container-image-deployment/1.7.2.Final/quarkus-container-image-deployment-1.7.2.Final.pom (1.9 kB at 16 kB/s)
Downloading from central: https://repo.maven.apache.org/maven2/io/quarkus/quarkus-container-image-spi/1.7.2.Final/quarkus-container-image-spi-1.7.2.Final.pom
Progress (1): quarkus-container-image-spi-1.7.2.Final.pom (871 B)                                                                 Downloaded from central: https://repo.maven.apache.org/maven2/io/quarkus/quarkus-container-image-spi/1.7.2.Final/quarkus-container-image-spi-1.7.2.Final.pom (871 B at 10 kB/s)
Downloading from central: https://repo.maven.apache.org/maven2/io/quarkus/quarkus-container-image-util/1.7.2.Final/quarkus-container-image-util-1.7.2.Final.pom
Progress (1): quarkus-container-image-util-1.7.2.Final.pom (642 B)                                                                  Downloaded from central: https://repo.maven.apache.org/maven2/io/quarkus/quarkus-container-image-util/1.7.2.Final/quarkus-container-image-util-1.7.2.Final.pom (642 B at 7.4 kB/s)
Downloading from central: https://repo.maven.apache.org/maven2/io/quarkus/quarkus-kubernetes-deployment/1.7.2.Final/quarkus-kubernetes-deployment-1.7.2.Final.pom
Progress (1): quarkus-kubernetes-deployment-1.7.2.Final.pom (2.7/3.8 kB)Progress (1): quarkus-kubernetes-deployment-1.7.2.Final.pom (3.8 kB)                                                                        Downloaded from central: https://repo.maven.apache.org/maven2/io/quarkus/quarkus-kubernetes-deployment/1.7.2.Final/quarkus-kubernetes-deployment-1.7.2.Final.pom (3.8 kB at 42 kB/s)
Downloading from central: https://repo.maven.apache.org/maven2/io/quarkus/quarkus-kubernetes-vanilla-parent/1.7.2.Final/quarkus-kubernetes-vanilla-parent-1.7.2.Final.pom
Progress (1): quarkus-kubernetes-vanilla-parent-1.7.2.Final.pom (765 B)                                                                       Downloaded from central: https://repo.maven.apache.org/maven2/io/quarkus/quarkus-kubernetes-vanilla-parent/1.7.2.Final/quarkus-kubernetes-vanilla-parent-1.7.2.Final.pom (765 B at 6.4 kB/s)
Downloading from central: https://repo.maven.apache.org/maven2/io/quarkus/quarkus-kubernetes/1.7.2.Final/quarkus-kubernetes-1.7.2.Final.pom
Progress (1): quarkus-kubernetes-1.7.2.Final.pom (1.7 kB)                                                         Downloaded from central: https://repo.maven.apache.org/maven2/io/quarkus/quarkus-kubernetes/1.7.2.Final/quarkus-kubernetes-1.7.2.Final.pom (1.7 kB at 17 kB/s)
Downloading from central: https://repo.maven.apache.org/maven2/io/quarkus/quarkus-smallrye-opentracing-deployment/1.7.2.Final/quarkus-smallrye-opentracing-deployment-1.7.2.Final.pom
Progress (1): quarkus-smallrye-opentracing-deployment-1.7.2.Final.pom (2.7/4.4 kB)Progress (1): quarkus-smallrye-opentracing-deployment-1.7.2.Final.pom (4.4 kB)                                                                                  Downloaded from central: https://repo.maven.apache.org/maven2/io/quarkus/quarkus-smallrye-opentracing-deployment/1.7.2.Final/quarkus-smallrye-opentracing-deployment-1.7.2.Final.pom (4.4 kB at 52 kB/s)
Downloading from central: https://repo.maven.apache.org/maven2/io/quarkus/quarkus-jaeger-deployment/1.7.2.Final/quarkus-jaeger-deployment-1.7.2.Final.pom
Progress (1): quarkus-jaeger-deployment-1.7.2.Final.pom (2.2 kB)                                                                Downloaded from central: https://repo.maven.apache.org/maven2/io/quarkus/quarkus-jaeger-deployment/1.7.2.Final/quarkus-jaeger-deployment-1.7.2.Final.pom (2.2 kB at 30 kB/s)
Downloading from central: https://repo.maven.apache.org/maven2/io/quarkus/quarkus-jdbc-h2-deployment/1.7.2.Final/quarkus-jdbc-h2-deployment-1.7.2.Final.pom
Progress (1): quarkus-jdbc-h2-deployment-1.7.2.Final.pom (1.8 kB)                                                                 Downloaded from central: https://repo.maven.apache.org/maven2/io/quarkus/quarkus-jdbc-h2-deployment/1.7.2.Final/quarkus-jdbc-h2-deployment-1.7.2.Final.pom (1.8 kB at 8.5 kB/s)
Downloading from central: https://repo.maven.apache.org/maven2/io/quarkus/quarkus-resteasy-common-deployment/1.7.2.Final/quarkus-resteasy-common-deployment-1.7.2.Final.jar
Downloading from central: https://repo.maven.apache.org/maven2/io/quarkus/quarkus-resteasy-server-common-deployment/1.7.2.Final/quarkus-resteasy-server-common-deployment-1.7.2.Final.jar
Downloading from central: https://repo.maven.apache.org/maven2/io/quarkus/quarkus-undertow-spi/1.7.2.Final/quarkus-undertow-spi-1.7.2.Final.jar
Downloading from central: https://repo.maven.apache.org/maven2/io/quarkus/quarkus-netty-deployment/1.7.2.Final/quarkus-netty-deployment-1.7.2.Final.jar
Downloading from central: https://repo.maven.apache.org/maven2/io/quarkus/quarkus-vertx-core-deployment/1.7.2.Final/quarkus-vertx-core-deployment-1.7.2.Final.jar
Progress (1): quarkus-resteasy-server-common-deployment-1.7.2.Final.jar (2.7/30 kB)Progress (1): quarkus-resteasy-server-common-deployment-1.7.2.Final.jar (5.5/30 kB)Progress (1): quarkus-resteasy-server-common-deployment-1.7.2.Final.jar (8.2/30 kB)Progress (1): quarkus-resteasy-server-common-deployment-1.7.2.Final.jar (11/30 kB) Progress (1): quarkus-resteasy-server-common-deployment-1.7.2.Final.jar (14/30 kB)Progress (1): quarkus-resteasy-server-common-deployment-1.7.2.Final.jar (16/30 kB)Progress (1): quarkus-resteasy-server-common-deployment-1.7.2.Final.jar (19/30 kB)Progress (1): quarkus-resteasy-server-common-deployment-1.7.2.Final.jar (22/30 kB)Progress (1): quarkus-resteasy-server-common-deployment-1.7.2.Final.jar (25/30 kB)Progress (1): quarkus-resteasy-server-common-deployment-1.7.2.Final.jar (27/30 kB)Progress (1): quarkus-resteasy-server-common-deployment-1.7.2.Final.jar (30 kB)   Progress (2): quarkus-resteasy-server-common-deployment-1.7.2.Final.jar (30 kB) | quarkus-resteasy-common-deployment-1.7.2.Final.jar (2.7/20 kB)Progress (3): quarkus-resteasy-server-common-deployment-1.7.2.Final.jar (30 kB) | quarkus-resteasy-common-deployment-1.7.2.Final.jar (2.7/20 kB) | quarkus-netty-deployment-1.7.2.Final.jar (2.7/11 kB)Progress (4): quarkus-resteasy-server-common-deployment-1.7.2.Final.jar (30 kB) | quarkus-resteasy-common-deployment-1.7.2.Final.jar (2.7/20 kB) | quarkus-netty-deployment-1.7.2.Final.jar (2.7/11 kB) | quarkus-undertow-spi-1.7.2.Final.jar (2.7/25 kB)Progress (5): quarkus-resteasy-server-common-deployment-1.7.2.Final.jar (30 kB) | quarkus-resteasy-common-deployment-1.7.2.Final.jar (2.7/20 kB) | quarkus-netty-deployment-1.7.2.Final.jar (2.7/11 kB) | quarkus-undertow-spi-1.7.2.Final.jar (2.7/25 kB) | quarkus-vertx-core-deployment-1.7.2.Final.jar (2.7/9.4 kB)Progress (5): quarkus-resteasy-server-common-deployment-1.7.2.Final.jar (30 kB) | quarkus-resteasy-common-deployment-1.7.2.Final.jar (5.5/20 kB) | quarkus-netty-deployment-1.7.2.Final.jar (2.7/11 kB) | quarkus-undertow-spi-1.7.2.Final.jar (2.7/25 kB) | quarkus-vertx-core-deployment-1.7.2.Final.jar (2.7/9.4 kB)Progress (5): quarkus-resteasy-server-common-deployment-1.7.2.Final.jar (30 kB) | quarkus-resteasy-common-deployment-1.7.2.Final.jar (5.5/20 kB) | quarkus-netty-deployment-1.7.2.Final.jar (5.5/11 kB) | quarkus-undertow-spi-1.7.2.Final.jar (2.7/25 kB) | quarkus-vertx-core-deployment-1.7.2.Final.jar (2.7/9.4 kB)Progress (5): quarkus-resteasy-server-common-deployment-1.7.2.Final.jar (30 kB) | quarkus-resteasy-common-deployment-1.7.2.Final.jar (8.2/20 kB) | quarkus-netty-deployment-1.7.2.Final.jar (5.5/11 kB) | quarkus-undertow-spi-1.7.2.Final.jar (2.7/25 kB) | quarkus-vertx-core-deployment-1.7.2.Final.jar (2.7/9.4 kB)Progress (5): quarkus-resteasy-server-common-deployment-1.7.2.Final.jar (30 kB) | quarkus-resteasy-common-deployment-1.7.2.Final.jar (8.2/20 kB) | quarkus-netty-deployment-1.7.2.Final.jar (8.2/11 kB) | quarkus-undertow-spi-1.7.2.Final.jar (2.7/25 kB) | quarkus-vertx-core-deployment-1.7.2.Final.jar (2.7/9.4 kB)Progress (5): quarkus-resteasy-server-common-deployment-1.7.2.Final.jar (30 kB) | quarkus-resteasy-common-deployment-1.7.2.Final.jar (11/20 kB) | quarkus-netty-deployment-1.7.2.Final.jar (8.2/11 kB) | quarkus-undertow-spi-1.7.2.Final.jar (2.7/25 kB) | quarkus-vertx-core-deployment-1.7.2.Final.jar (2.7/9.4 kB) Progress (5): quarkus-resteasy-server-common-deployment-1.7.2.Final.jar (30 kB) | quarkus-resteasy-common-deployment-1.7.2.Final.jar (11/20 kB) | quarkus-netty-deployment-1.7.2.Final.jar (11/11 kB) | quarkus-undertow-spi-1.7.2.Final.jar (2.7/25 kB) | quarkus-vertx-core-deployment-1.7.2.Final.jar (2.7/9.4 kB) Progress (5): quarkus-resteasy-server-common-deployment-1.7.2.Final.jar (30 kB) | quarkus-resteasy-common-deployment-1.7.2.Final.jar (11/20 kB) | quarkus-netty-deployment-1.7.2.Final.jar (11 kB) | quarkus-undertow-spi-1.7.2.Final.jar (2.7/25 kB) | quarkus-vertx-core-deployment-1.7.2.Final.jar (2.7/9.4 kB)   Progress (5): quarkus-resteasy-server-common-deployment-1.7.2.Final.jar (30 kB) | quarkus-resteasy-common-deployment-1.7.2.Final.jar (14/20 kB) | quarkus-netty-deployment-1.7.2.Final.jar (11 kB) | quarkus-undertow-spi-1.7.2.Final.jar (2.7/25 kB) | quarkus-vertx-core-deployment-1.7.2.Final.jar (2.7/9.4 kB)Progress (5): quarkus-resteasy-server-common-deployment-1.7.2.Final.jar (30 kB) | quarkus-resteasy-common-deployment-1.7.2.Final.jar (16/20 kB) | quarkus-netty-deployment-1.7.2.Final.jar (11 kB) | quarkus-undertow-spi-1.7.2.Final.jar (2.7/25 kB) | quarkus-vertx-core-deployment-1.7.2.Final.jar (2.7/9.4 kB)Progress (5): quarkus-resteasy-server-common-deployment-1.7.2.Final.jar (30 kB) | quarkus-resteasy-common-deployment-1.7.2.Final.jar (19/20 kB) | quarkus-netty-deployment-1.7.2.Final.jar (11 kB) | quarkus-undertow-spi-1.7.2.Final.jar (2.7/25 kB) | quarkus-vertx-core-deployment-1.7.2.Final.jar (2.7/9.4 kB)Progress (5): quarkus-resteasy-server-common-deployment-1.7.2.Final.jar (30 kB) | quarkus-resteasy-common-deployment-1.7.2.Final.jar (20 kB) | quarkus-netty-deployment-1.7.2.Final.jar (11 kB) | quarkus-undertow-spi-1.7.2.Final.jar (2.7/25 kB) | quarkus-vertx-core-deployment-1.7.2.Final.jar (2.7/9.4 kB)   Progress (5): quarkus-resteasy-server-common-deployment-1.7.2.Final.jar (30 kB) | quarkus-resteasy-common-deployment-1.7.2.Final.jar (20 kB) | quarkus-netty-deployment-1.7.2.Final.jar (11 kB) | quarkus-undertow-spi-1.7.2.Final.jar (5.5/25 kB) | quarkus-vertx-core-deployment-1.7.2.Final.jar (2.7/9.4 kB)Progress (5): quarkus-resteasy-server-common-deployment-1.7.2.Final.jar (30 kB) | quarkus-resteasy-common-deployment-1.7.2.Final.jar (20 kB) | quarkus-netty-deployment-1.7.2.Final.jar (11 kB) | quarkus-undertow-spi-1.7.2.Final.jar (8.2/25 kB) | quarkus-vertx-core-deployment-1.7.2.Final.jar (2.7/9.4 kB)Progress (5): quarkus-resteasy-server-common-deployment-1.7.2.Final.jar (30 kB) | quarkus-resteasy-common-deployment-1.7.2.Final.jar (20 kB) | quarkus-netty-deployment-1.7.2.Final.jar (11 kB) | quarkus-undertow-spi-1.7.2.Final.jar (11/25 kB) | quarkus-vertx-core-deployment-1.7.2.Final.jar (2.7/9.4 kB) Progress (5): quarkus-resteasy-server-common-deployment-1.7.2.Final.jar (30 kB) | quarkus-resteasy-common-deployment-1.7.2.Final.jar (20 kB) | quarkus-netty-deployment-1.7.2.Final.jar (11 kB) | quarkus-undertow-spi-1.7.2.Final.jar (14/25 kB) | quarkus-vertx-core-deployment-1.7.2.Final.jar (2.7/9.4 kB)Progress (5): quarkus-resteasy-server-common-deployment-1.7.2.Final.jar (30 kB) | quarkus-resteasy-common-deployment-1.7.2.Final.jar (20 kB) | quarkus-netty-deployment-1.7.2.Final.jar (11 kB) | quarkus-undertow-spi-1.7.2.Final.jar (16/25 kB) | quarkus-vertx-core-deployment-1.7.2.Final.jar (2.7/9.4 kB)Progress (5): quarkus-resteasy-server-common-deployment-1.7.2.Final.jar (30 kB) | quarkus-resteasy-common-deployment-1.7.2.Final.jar (20 kB) | quarkus-netty-deployment-1.7.2.Final.jar (11 kB) | quarkus-undertow-spi-1.7.2.Final.jar (19/25 kB) | quarkus-vertx-core-deployment-1.7.2.Final.jar (2.7/9.4 kB)Progress (5): quarkus-resteasy-server-common-deployment-1.7.2.Final.jar (30 kB) | quarkus-resteasy-common-deployment-1.7.2.Final.jar (20 kB) | quarkus-netty-deployment-1.7.2.Final.jar (11 kB) | quarkus-undertow-spi-1.7.2.Final.jar (22/25 kB) | quarkus-vertx-core-deployment-1.7.2.Final.jar (2.7/9.4 kB)Progress (5): quarkus-resteasy-server-common-deployment-1.7.2.Final.jar (30 kB) | quarkus-resteasy-common-deployment-1.7.2.Final.jar (20 kB) | quarkus-netty-deployment-1.7.2.Final.jar (11 kB) | quarkus-undertow-spi-1.7.2.Final.jar (22/25 kB) | quarkus-vertx-core-deployment-1.7.2.Final.jar (5.5/9.4 kB)Progress (5): quarkus-resteasy-server-common-deployment-1.7.2.Final.jar (30 kB) | quarkus-resteasy-common-deployment-1.7.2.Final.jar (20 kB) | quarkus-netty-deployment-1.7.2.Final.jar (11 kB) | quarkus-undertow-spi-1.7.2.Final.jar (22/25 kB) | quarkus-vertx-core-deployment-1.7.2.Final.jar (8.2/9.4 kB)Progress (5): quarkus-resteasy-server-common-deployment-1.7.2.Final.jar (30 kB) | quarkus-resteasy-common-deployment-1.7.2.Final.jar (20 kB) | quarkus-netty-deployment-1.7.2.Final.jar (11 kB) | quarkus-undertow-spi-1.7.2.Final.jar (25 kB) | quarkus-vertx-core-deployment-1.7.2.Final.jar (8.2/9.4 kB)   Progress (5): quarkus-resteasy-server-common-deployment-1.7.2.Final.jar (30 kB) | quarkus-resteasy-common-deployment-1.7.2.Final.jar (20 kB) | quarkus-netty-deployment-1.7.2.Final.jar (11 kB) | quarkus-undertow-spi-1.7.2.Final.jar (25 kB) | quarkus-vertx-core-deployment-1.7.2.Final.jar (9.4 kB)                                                                                                                                                                                                                                                                                                           Downloaded from central: https://repo.maven.apache.org/maven2/io/quarkus/quarkus-resteasy-server-common-deployment/1.7.2.Final/quarkus-resteasy-server-common-deployment-1.7.2.Final.jar (30 kB at 149 kB/s)
Downloading from central: https://repo.maven.apache.org/maven2/io/quarkus/quarkus-kubernetes-spi/1.7.2.Final/quarkus-kubernetes-spi-1.7.2.Final.jar
Progress (5): quarkus-resteasy-common-deployment-1.7.2.Final.jar (20 kB) | quarkus-netty-deployment-1.7.2.Final.jar (11 kB) | quarkus-undertow-spi-1.7.2.Final.jar (25 kB) | quarkus-vertx-core-deployment-1.7.2.Final.jar (9.4 kB) | quarkus-kubernetes-spi-1.7.2.Final.jar (2.7/17 kB)Progress (5): quarkus-resteasy-common-deployment-1.7.2.Final.jar (20 kB) | quarkus-netty-deployment-1.7.2.Final.jar (11 kB) | quarkus-undertow-spi-1.7.2.Final.jar (25 kB) | quarkus-vertx-core-deployment-1.7.2.Final.jar (9.4 kB) | quarkus-kubernetes-spi-1.7.2.Final.jar (5.5/17 kB)Progress (5): quarkus-resteasy-common-deployment-1.7.2.Final.jar (20 kB) | quarkus-netty-deployment-1.7.2.Final.jar (11 kB) | quarkus-undertow-spi-1.7.2.Final.jar (25 kB) | quarkus-vertx-core-deployment-1.7.2.Final.jar (9.4 kB) | quarkus-kubernetes-spi-1.7.2.Final.jar (8.2/17 kB)Progress (5): quarkus-resteasy-common-deployment-1.7.2.Final.jar (20 kB) | quarkus-netty-deployment-1.7.2.Final.jar (11 kB) | quarkus-undertow-spi-1.7.2.Final.jar (25 kB) | quarkus-vertx-core-deployment-1.7.2.Final.jar (9.4 kB) | quarkus-kubernetes-spi-1.7.2.Final.jar (11/17 kB) Progress (5): quarkus-resteasy-common-deployment-1.7.2.Final.jar (20 kB) | quarkus-netty-deployment-1.7.2.Final.jar (11 kB) | quarkus-undertow-spi-1.7.2.Final.jar (25 kB) | quarkus-vertx-core-deployment-1.7.2.Final.jar (9.4 kB) | quarkus-kubernetes-spi-1.7.2.Final.jar (14/17 kB)                                                                                                                                                                                                                                                                                       Downloaded from central: https://repo.maven.apache.org/maven2/io/quarkus/quarkus-resteasy-common-deployment/1.7.2.Final/quarkus-resteasy-common-deployment-1.7.2.Final.jar (20 kB at 55 kB/s)
Downloading from central: https://repo.maven.apache.org/maven2/io/quarkus/quarkus-vertx-http-deployment/1.7.2.Final/quarkus-vertx-http-deployment-1.7.2.Final.jar
Progress (4): quarkus-netty-deployment-1.7.2.Final.jar (11 kB) | quarkus-undertow-spi-1.7.2.Final.jar (25 kB) | quarkus-vertx-core-deployment-1.7.2.Final.jar (9.4 kB) | quarkus-kubernetes-spi-1.7.2.Final.jar (16/17 kB)Progress (4): quarkus-netty-deployment-1.7.2.Final.jar (11 kB) | quarkus-undertow-spi-1.7.2.Final.jar (25 kB) | quarkus-vertx-core-deployment-1.7.2.Final.jar (9.4 kB) | quarkus-kubernetes-spi-1.7.2.Final.jar (17 kB)                                                                                                                                                                                                                          Downloaded from central: https://repo.maven.apache.org/maven2/io/quarkus/quarkus-netty-deployment/1.7.2.Final/quarkus-netty-deployment-1.7.2.Final.jar (11 kB at 30 kB/s)
Downloading from central: https://repo.maven.apache.org/maven2/io/quarkus/arc/arc-processor/1.7.2.Final/arc-processor-1.7.2.Final.jar
Downloaded from central: https://repo.maven.apache.org/maven2/io/quarkus/quarkus-vertx-core-deployment/1.7.2.Final/quarkus-vertx-core-deployment-1.7.2.Final.jar (9.4 kB at 24 kB/s)
Downloading from central: https://repo.maven.apache.org/maven2/io/quarkus/quarkus-arc-deployment/1.7.2.Final/quarkus-arc-deployment-1.7.2.Final.jar
Downloaded from central: https://repo.maven.apache.org/maven2/io/quarkus/quarkus-undertow-spi/1.7.2.Final/quarkus-undertow-spi-1.7.2.Final.jar (25 kB at 62 kB/s)
Downloading from central: https://repo.maven.apache.org/maven2/io/quarkus/quarkus-security-spi/1.7.2.Final/quarkus-security-spi-1.7.2.Final.jar
Progress (2): quarkus-kubernetes-spi-1.7.2.Final.jar (17 kB) | quarkus-security-spi-1.7.2.Final.jar (2.7/3.3 kB)Progress (3): quarkus-kubernetes-spi-1.7.2.Final.jar (17 kB) | quarkus-security-spi-1.7.2.Final.jar (2.7/3.3 kB) | arc-processor-1.7.2.Final.jar (2.7/319 kB)Progress (4): quarkus-kubernetes-spi-1.7.2.Final.jar (17 kB) | quarkus-security-spi-1.7.2.Final.jar (2.7/3.3 kB) | arc-processor-1.7.2.Final.jar (2.7/319 kB) | quarkus-arc-deployment-1.7.2.Final.jar (4.1/166 kB)Progress (5): quarkus-kubernetes-spi-1.7.2.Final.jar (17 kB) | quarkus-security-spi-1.7.2.Final.jar (2.7/3.3 kB) | arc-processor-1.7.2.Final.jar (2.7/319 kB) | quarkus-arc-deployment-1.7.2.Final.jar (4.1/166 kB) | quarkus-vertx-http-deployment-1.7.2.Final.jar (2.7/38 kB)Progress (5): quarkus-kubernetes-spi-1.7.2.Final.jar (17 kB) | quarkus-security-spi-1.7.2.Final.jar (3.3 kB) | arc-processor-1.7.2.Final.jar (2.7/319 kB) | quarkus-arc-deployment-1.7.2.Final.jar (4.1/166 kB) | quarkus-vertx-http-deployment-1.7.2.Final.jar (2.7/38 kB)    Progress (5): quarkus-kubernetes-spi-1.7.2.Final.jar (17 kB) | quarkus-security-spi-1.7.2.Final.jar (3.3 kB) | arc-processor-1.7.2.Final.jar (5.5/319 kB) | quarkus-arc-deployment-1.7.2.Final.jar (4.1/166 kB) | quarkus-vertx-http-deployment-1.7.2.Final.jar (2.7/38 kB)Progress (5): quarkus-kubernetes-spi-1.7.2.Final.jar (17 kB) | quarkus-security-spi-1.7.2.Final.jar (3.3 kB) | arc-processor-1.7.2.Final.jar (5.5/319 kB) | quarkus-arc-deployment-1.7.2.Final.jar (8.2/166 kB) | quarkus-vertx-http-deployment-1.7.2.Final.jar (2.7/38 kB)Progress (5): quarkus-kubernetes-spi-1.7.2.Final.jar (17 kB) | quarkus-security-spi-1.7.2.Final.jar (3.3 kB) | arc-processor-1.7.2.Final.jar (5.5/319 kB) | quarkus-arc-deployment-1.7.2.Final.jar (12/166 kB) | quarkus-vertx-http-deployment-1.7.2.Final.jar (2.7/38 kB) Progress (5): quarkus-kubernetes-spi-1.7.2.Final.jar (17 kB) | quarkus-security-spi-1.7.2.Final.jar (3.3 kB) | arc-processor-1.7.2.Final.jar (8.2/319 kB) | quarkus-arc-deployment-1.7.2.Final.jar (12/166 kB) | quarkus-vertx-http-deployment-1.7.2.Final.jar (2.7/38 kB)Progress (5): quarkus-kubernetes-spi-1.7.2.Final.jar (17 kB) | quarkus-security-spi-1.7.2.Final.jar (3.3 kB) | arc-processor-1.7.2.Final.jar (8.2/319 kB) | quarkus-arc-deployment-1.7.2.Final.jar (12/166 kB) | quarkus-vertx-http-deployment-1.7.2.Final.jar (5.5/38 kB)Progress (5): quarkus-kubernetes-spi-1.7.2.Final.jar (17 kB) | quarkus-security-spi-1.7.2.Final.jar (3.3 kB) | arc-processor-1.7.2.Final.jar (8.2/319 kB) | quarkus-arc-deployment-1.7.2.Final.jar (16/166 kB) | quarkus-vertx-http-deployment-1.7.2.Final.jar (5.5/38 kB)Progress (5): quarkus-kubernetes-spi-1.7.2.Final.jar (17 kB) | quarkus-security-spi-1.7.2.Final.jar (3.3 kB) | arc-processor-1.7.2.Final.jar (11/319 kB) | quarkus-arc-deployment-1.7.2.Final.jar (16/166 kB) | quarkus-vertx-http-deployment-1.7.2.Final.jar (5.5/38 kB) Progress (5): quarkus-kubernetes-spi-1.7.2.Final.jar (17 kB) | quarkus-security-spi-1.7.2.Final.jar (3.3 kB) | arc-processor-1.7.2.Final.jar (11/319 kB) | quarkus-arc-deployment-1.7.2.Final.jar (20/166 kB) | quarkus-vertx-http-deployment-1.7.2.Final.jar (5.5/38 kB)Progress (5): quarkus-kubernetes-spi-1.7.2.Final.jar (17 kB) | quarkus-security-spi-1.7.2.Final.jar (3.3 kB) | arc-processor-1.7.2.Final.jar (11/319 kB) | quarkus-arc-deployment-1.7.2.Final.jar (20/166 kB) | quarkus-vertx-http-deployment-1.7.2.Final.jar (8.2/38 kB)Progress (5): quarkus-kubernetes-spi-1.7.2.Final.jar (17 kB) | quarkus-security-spi-1.7.2.Final.jar (3.3 kB) | arc-processor-1.7.2.Final.jar (11/319 kB) | quarkus-arc-deployment-1.7.2.Final.jar (25/166 kB) | quarkus-vertx-http-deployment-1.7.2.Final.jar (8.2/38 kB)Progress (5): quarkus-kubernetes-spi-1.7.2.Final.jar (17 kB) | quarkus-security-spi-1.7.2.Final.jar (3.3 kB) | arc-processor-1.7.2.Final.jar (11/319 kB) | quarkus-arc-deployment-1.7.2.Final.jar (29/166 kB) | quarkus-vertx-http-deployment-1.7.2.Final.jar (8.2/38 kB)Progress (5): quarkus-kubernetes-spi-1.7.2.Final.jar (17 kB) | quarkus-security-spi-1.7.2.Final.jar (3.3 kB) | arc-processor-1.7.2.Final.jar (11/319 kB) | quarkus-arc-deployment-1.7.2.Final.jar (29/166 kB) | quarkus-vertx-http-deployment-1.7.2.Final.jar (11/38 kB) Progress (5): quarkus-kubernetes-spi-1.7.2.Final.jar (17 kB) | quarkus-security-spi-1.7.2.Final.jar (3.3 kB) | arc-processor-1.7.2.Final.jar (14/319 kB) | quarkus-arc-deployment-1.7.2.Final.jar (29/166 kB) | quarkus-vertx-http-deployment-1.7.2.Final.jar (11/38 kB)Progress (5): quarkus-kubernetes-spi-1.7.2.Final.jar (17 kB) | quarkus-security-spi-1.7.2.Final.jar (3.3 kB) | arc-processor-1.7.2.Final.jar (14/319 kB) | quarkus-arc-deployment-1.7.2.Final.jar (33/166 kB) | quarkus-vertx-http-deployment-1.7.2.Final.jar (11/38 kB)Progress (5): quarkus-kubernetes-spi-1.7.2.Final.jar (17 kB) | quarkus-security-spi-1.7.2.Final.jar (3.3 kB) | arc-processor-1.7.2.Final.jar (14/319 kB) | quarkus-arc-deployment-1.7.2.Final.jar (33/166 kB) | quarkus-vertx-http-deployment-1.7.2.Final.jar (14/38 kB)Progress (5): quarkus-kubernetes-spi-1.7.2.Final.jar (17 kB) | quarkus-security-spi-1.7.2.Final.jar (3.3 kB) | arc-processor-1.7.2.Final.jar (14/319 kB) | quarkus-arc-deployment-1.7.2.Final.jar (37/166 kB) | quarkus-vertx-http-deployment-1.7.2.Final.jar (14/38 kB)Progress (5): quarkus-kubernetes-spi-1.7.2.Final.jar (17 kB) | quarkus-security-spi-1.7.2.Final.jar (3.3 kB) | arc-processor-1.7.2.Final.jar (16/319 kB) | quarkus-arc-deployment-1.7.2.Final.jar (37/166 kB) | quarkus-vertx-http-deployment-1.7.2.Final.jar (14/38 kB)Progress (5): quarkus-kubernetes-spi-1.7.2.Final.jar (17 kB) | quarkus-security-spi-1.7.2.Final.jar (3.3 kB) | arc-processor-1.7.2.Final.jar (16/319 kB) | quarkus-arc-deployment-1.7.2.Final.jar (41/166 kB) | quarkus-vertx-http-deployment-1.7.2.Final.jar (14/38 kB)Progress (5): quarkus-kubernetes-spi-1.7.2.Final.jar (17 kB) | quarkus-security-spi-1.7.2.Final.jar (3.3 kB) | arc-processor-1.7.2.Final.jar (16/319 kB) | quarkus-arc-deployment-1.7.2.Final.jar (45/166 kB) | quarkus-vertx-http-deployment-1.7.2.Final.jar (14/38 kB)Progress (5): quarkus-kubernetes-spi-1.7.2.Final.jar (17 kB) | quarkus-security-spi-1.7.2.Final.jar (3.3 kB) | arc-processor-1.7.2.Final.jar (19/319 kB) | quarkus-arc-deployment-1.7.2.Final.jar (45/166 kB) | quarkus-vertx-http-deployment-1.7.2.Final.jar (14/38 kB)Progress (5): quarkus-kubernetes-spi-1.7.2.Final.jar (17 kB) | quarkus-security-spi-1.7.2.Final.jar (3.3 kB) | arc-processor-1.7.2.Final.jar (19/319 kB) | quarkus-arc-deployment-1.7.2.Final.jar (45/166 kB) | quarkus-vertx-http-deployment-1.7.2.Final.jar (16/38 kB)Progress (5): quarkus-kubernetes-spi-1.7.2.Final.jar (17 kB) | quarkus-security-spi-1.7.2.Final.jar (3.3 kB) | arc-processor-1.7.2.Final.jar (19/319 kB) | quarkus-arc-deployment-1.7.2.Final.jar (49/166 kB) | quarkus-vertx-http-deployment-1.7.2.Final.jar (16/38 kB)Progress (5): quarkus-kubernetes-spi-1.7.2.Final.jar (17 kB) | quarkus-security-spi-1.7.2.Final.jar (3.3 kB) | arc-processor-1.7.2.Final.jar (22/319 kB) | quarkus-arc-deployment-1.7.2.Final.jar (49/166 kB) | quarkus-vertx-http-deployment-1.7.2.Final.jar (16/38 kB)Progress (5): quarkus-kubernetes-spi-1.7.2.Final.jar (17 kB) | quarkus-security-spi-1.7.2.Final.jar (3.3 kB) | arc-processor-1.7.2.Final.jar (22/319 kB) | quarkus-arc-deployment-1.7.2.Final.jar (53/166 kB) | quarkus-vertx-http-deployment-1.7.2.Final.jar (16/38 kB)Progress (5): quarkus-kubernetes-spi-1.7.2.Final.jar (17 kB) | quarkus-security-spi-1.7.2.Final.jar (3.3 kB) | arc-processor-1.7.2.Final.jar (22/319 kB) | quarkus-arc-deployment-1.7.2.Final.jar (53/166 kB) | quarkus-vertx-http-deployment-1.7.2.Final.jar (19/38 kB)Progress (5): quarkus-kubernetes-spi-1.7.2.Final.jar (17 kB) | quarkus-security-spi-1.7.2.Final.jar (3.3 kB) | arc-processor-1.7.2.Final.jar (22/319 kB) | quarkus-arc-deployment-1.7.2.Final.jar (57/166 kB) | quarkus-vertx-http-deployment-1.7.2.Final.jar (19/38 kB)Progress (5): quarkus-kubernetes-spi-1.7.2.Final.jar (17 kB) | quarkus-security-spi-1.7.2.Final.jar (3.3 kB) | arc-processor-1.7.2.Final.jar (22/319 kB) | quarkus-arc-deployment-1.7.2.Final.jar (61/166 kB) | quarkus-vertx-http-deployment-1.7.2.Final.jar (19/38 kB)Progress (5): quarkus-kubernetes-spi-1.7.2.Final.jar (17 kB) | quarkus-security-spi-1.7.2.Final.jar (3.3 kB) | arc-processor-1.7.2.Final.jar (25/319 kB) | quarkus-arc-deployment-1.7.2.Final.jar (61/166 kB) | quarkus-vertx-http-deployment-1.7.2.Final.jar (19/38 kB)Progress (5): quarkus-kubernetes-spi-1.7.2.Final.jar (17 kB) | quarkus-security-spi-1.7.2.Final.jar (3.3 kB) | arc-processor-1.7.2.Final.jar (25/319 kB) | quarkus-arc-deployment-1.7.2.Final.jar (61/166 kB) | quarkus-vertx-http-deployment-1.7.2.Final.jar (22/38 kB)Progress (5): quarkus-kubernetes-spi-1.7.2.Final.jar (17 kB) | quarkus-security-spi-1.7.2.Final.jar (3.3 kB) | arc-processor-1.7.2.Final.jar (27/319 kB) | quarkus-arc-deployment-1.7.2.Final.jar (61/166 kB) | quarkus-vertx-http-deployment-1.7.2.Final.jar (22/38 kB)Progress (5): quarkus-kubernetes-spi-1.7.2.Final.jar (17 kB) | quarkus-security-spi-1.7.2.Final.jar (3.3 kB) | arc-processor-1.7.2.Final.jar (27/319 kB) | quarkus-arc-deployment-1.7.2.Final.jar (66/166 kB) | quarkus-vertx-http-deployment-1.7.2.Final.jar (22/38 kB)Progress (5): quarkus-kubernetes-spi-1.7.2.Final.jar (17 kB) | quarkus-security-spi-1.7.2.Final.jar (3.3 kB) | arc-processor-1.7.2.Final.jar (27/319 kB) | quarkus-arc-deployment-1.7.2.Final.jar (66/166 kB) | quarkus-vertx-http-deployment-1.7.2.Final.jar (25/38 kB)Progress (5): quarkus-kubernetes-spi-1.7.2.Final.jar (17 kB) | quarkus-security-spi-1.7.2.Final.jar (3.3 kB) | arc-processor-1.7.2.Final.jar (30/319 kB) | quarkus-arc-deployment-1.7.2.Final.jar (66/166 kB) | quarkus-vertx-http-deployment-1.7.2.Final.jar (25/38 kB)Progress (5): quarkus-kubernetes-spi-1.7.2.Final.jar (17 kB) | quarkus-security-spi-1.7.2.Final.jar (3.3 kB) | arc-processor-1.7.2.Final.jar (30/319 kB) | quarkus-arc-deployment-1.7.2.Final.jar (70/166 kB) | quarkus-vertx-http-deployment-1.7.2.Final.jar (25/38 kB)Progress (5): quarkus-kubernetes-spi-1.7.2.Final.jar (17 kB) | quarkus-security-spi-1.7.2.Final.jar (3.3 kB) | arc-processor-1.7.2.Final.jar (30/319 kB) | quarkus-arc-deployment-1.7.2.Final.jar (70/166 kB) | quarkus-vertx-http-deployment-1.7.2.Final.jar (27/38 kB)Progress (5): quarkus-kubernetes-spi-1.7.2.Final.jar (17 kB) | quarkus-security-spi-1.7.2.Final.jar (3.3 kB) | arc-processor-1.7.2.Final.jar (33/319 kB) | quarkus-arc-deployment-1.7.2.Final.jar (70/166 kB) | quarkus-vertx-http-deployment-1.7.2.Final.jar (27/38 kB)Progress (5): quarkus-kubernetes-spi-1.7.2.Final.jar (17 kB) | quarkus-security-spi-1.7.2.Final.jar (3.3 kB) | arc-processor-1.7.2.Final.jar (33/319 kB) | quarkus-arc-deployment-1.7.2.Final.jar (70/166 kB) | quarkus-vertx-http-deployment-1.7.2.Final.jar (30/38 kB)Progress (5): quarkus-kubernetes-spi-1.7.2.Final.jar (17 kB) | quarkus-security-spi-1.7.2.Final.jar (3.3 kB) | arc-processor-1.7.2.Final.jar (36/319 kB) | quarkus-arc-deployment-1.7.2.Final.jar (70/166 kB) | quarkus-vertx-http-deployment-1.7.2.Final.jar (30/38 kB)Progress (5): quarkus-kubernetes-spi-1.7.2.Final.jar (17 kB) | quarkus-security-spi-1.7.2.Final.jar (3.3 kB) | arc-processor-1.7.2.Final.jar (36/319 kB) | quarkus-arc-deployment-1.7.2.Final.jar (70/166 kB) | quarkus-vertx-http-deployment-1.7.2.Final.jar (33/38 kB)Progress (5): quarkus-kubernetes-spi-1.7.2.Final.jar (17 kB) | quarkus-security-spi-1.7.2.Final.jar (3.3 kB) | arc-processor-1.7.2.Final.jar (38/319 kB) | quarkus-arc-deployment-1.7.2.Final.jar (70/166 kB) | quarkus-vertx-http-deployment-1.7.2.Final.jar (33/38 kB)Progress (5): quarkus-kubernetes-spi-1.7.2.Final.jar (17 kB) | quarkus-security-spi-1.7.2.Final.jar (3.3 kB) | arc-processor-1.7.2.Final.jar (38/319 kB) | quarkus-arc-deployment-1.7.2.Final.jar (70/166 kB) | quarkus-vertx-http-deployment-1.7.2.Final.jar (36/38 kB)Progress (5): quarkus-kubernetes-spi-1.7.2.Final.jar (17 kB) | quarkus-security-spi-1.7.2.Final.jar (3.3 kB) | arc-processor-1.7.2.Final.jar (41/319 kB) | quarkus-arc-deployment-1.7.2.Final.jar (70/166 kB) | quarkus-vertx-http-deployment-1.7.2.Final.jar (36/38 kB)Progress (5): quarkus-kubernetes-spi-1.7.2.Final.jar (17 kB) | quarkus-security-spi-1.7.2.Final.jar (3.3 kB) | arc-processor-1.7.2.Final.jar (41/319 kB) | quarkus-arc-deployment-1.7.2.Final.jar (70/166 kB) | quarkus-vertx-http-deployment-1.7.2.Final.jar (38 kB)   Progress (5): quarkus-kubernetes-spi-1.7.2.Final.jar (17 kB) | quarkus-security-spi-1.7.2.Final.jar (3.3 kB) | arc-processor-1.7.2.Final.jar (44/319 kB) | quarkus-arc-deployment-1.7.2.Final.jar (70/166 kB) | quarkus-vertx-http-deployment-1.7.2.Final.jar (38 kB)Progress (5): quarkus-kubernetes-spi-1.7.2.Final.jar (17 kB) | quarkus-security-spi-1.7.2.Final.jar (3.3 kB) | arc-processor-1.7.2.Final.jar (47/319 kB) | quarkus-arc-deployment-1.7.2.Final.jar (70/166 kB) | quarkus-vertx-http-deployment-1.7.2.Final.jar (38 kB)Progress (5): quarkus-kubernetes-spi-1.7.2.Final.jar (17 kB) | quarkus-security-spi-1.7.2.Final.jar (3.3 kB) | arc-processor-1.7.2.Final.jar (49/319 kB) | quarkus-arc-deployment-1.7.2.Final.jar (70/166 kB) | quarkus-vertx-http-deployment-1.7.2.Final.jar (38 kB)Progress (5): quarkus-kubernetes-spi-1.7.2.Final.jar (17 kB) | quarkus-security-spi-1.7.2.Final.jar (3.3 kB) | arc-processor-1.7.2.Final.jar (52/319 kB) | quarkus-arc-deployment-1.7.2.Final.jar (70/166 kB) | quarkus-vertx-http-deployment-1.7.2.Final.jar (38 kB)Progress (5): quarkus-kubernetes-spi-1.7.2.Final.jar (17 kB) | quarkus-security-spi-1.7.2.Final.jar (3.3 kB) | arc-processor-1.7.2.Final.jar (55/319 kB) | quarkus-arc-deployment-1.7.2.Final.jar (70/166 kB) | quarkus-vertx-http-deployment-1.7.2.Final.jar (38 kB)Progress (5): quarkus-kubernetes-spi-1.7.2.Final.jar (17 kB) | quarkus-security-spi-1.7.2.Final.jar (3.3 kB) | arc-processor-1.7.2.Final.jar (55/319 kB) | quarkus-arc-deployment-1.7.2.Final.jar (74/166 kB) | quarkus-vertx-http-deployment-1.7.2.Final.jar (38 kB)Progress (5): quarkus-kubernetes-spi-1.7.2.Final.jar (17 kB) | quarkus-security-spi-1.7.2.Final.jar (3.3 kB) | arc-processor-1.7.2.Final.jar (58/319 kB) | quarkus-arc-deployment-1.7.2.Final.jar (74/166 kB) | quarkus-vertx-http-deployment-1.7.2.Final.jar (38 kB)Progress (5): quarkus-kubernetes-spi-1.7.2.Final.jar (17 kB) | quarkus-security-spi-1.7.2.Final.jar (3.3 kB) | arc-processor-1.7.2.Final.jar (60/319 kB) | quarkus-arc-deployment-1.7.2.Final.jar (74/166 kB) | quarkus-vertx-http-deployment-1.7.2.Final.jar (38 kB)Progress (5): quarkus-kubernetes-spi-1.7.2.Final.jar (17 kB) | quarkus-security-spi-1.7.2.Final.jar (3.3 kB) | arc-processor-1.7.2.Final.jar (60/319 kB) | quarkus-arc-deployment-1.7.2.Final.jar (78/166 kB) | quarkus-vertx-http-deployment-1.7.2.Final.jar (38 kB)Progress (5): quarkus-kubernetes-spi-1.7.2.Final.jar (17 kB) | quarkus-security-spi-1.7.2.Final.jar (3.3 kB) | arc-processor-1.7.2.Final.jar (60/319 kB) | quarkus-arc-deployment-1.7.2.Final.jar (82/166 kB) | quarkus-vertx-http-deployment-1.7.2.Final.jar (38 kB)Progress (5): quarkus-kubernetes-spi-1.7.2.Final.jar (17 kB) | quarkus-security-spi-1.7.2.Final.jar (3.3 kB) | arc-processor-1.7.2.Final.jar (63/319 kB) | quarkus-arc-deployment-1.7.2.Final.jar (82/166 kB) | quarkus-vertx-http-deployment-1.7.2.Final.jar (38 kB)Progress (5): quarkus-kubernetes-spi-1.7.2.Final.jar (17 kB) | quarkus-security-spi-1.7.2.Final.jar (3.3 kB) | arc-processor-1.7.2.Final.jar (66/319 kB) | quarkus-arc-deployment-1.7.2.Final.jar (82/166 kB) | quarkus-vertx-http-deployment-1.7.2.Final.jar (38 kB)Progress (5): quarkus-kubernetes-spi-1.7.2.Final.jar (17 kB) | quarkus-security-spi-1.7.2.Final.jar (3.3 kB) | arc-processor-1.7.2.Final.jar (69/319 kB) | quarkus-arc-deployment-1.7.2.Final.jar (82/166 kB) | quarkus-vertx-http-deployment-1.7.2.Final.jar (38 kB)Progress (5): quarkus-kubernetes-spi-1.7.2.Final.jar (17 kB) | quarkus-security-spi-1.7.2.Final.jar (3.3 kB) | arc-processor-1.7.2.Final.jar (69/319 kB) | quarkus-arc-deployment-1.7.2.Final.jar (86/166 kB) | quarkus-vertx-http-deployment-1.7.2.Final.jar (38 kB)Progress (5): quarkus-kubernetes-spi-1.7.2.Final.jar (17 kB) | quarkus-security-spi-1.7.2.Final.jar (3.3 kB) | arc-processor-1.7.2.Final.jar (69/319 kB) | quarkus-arc-deployment-1.7.2.Final.jar (90/166 kB) | quarkus-vertx-http-deployment-1.7.2.Final.jar (38 kB)Progress (5): quarkus-kubernetes-spi-1.7.2.Final.jar (17 kB) | quarkus-security-spi-1.7.2.Final.jar (3.3 kB) | arc-processor-1.7.2.Final.jar (71/319 kB) | quarkus-arc-deployment-1.7.2.Final.jar (90/166 kB) | quarkus-vertx-http-deployment-1.7.2.Final.jar (38 kB)Progress (5): quarkus-kubernetes-spi-1.7.2.Final.jar (17 kB) | quarkus-security-spi-1.7.2.Final.jar (3.3 kB) | arc-processor-1.7.2.Final.jar (74/319 kB) | quarkus-arc-deployment-1.7.2.Final.jar (90/166 kB) | quarkus-vertx-http-deployment-1.7.2.Final.jar (38 kB)Progress (5): quarkus-kubernetes-spi-1.7.2.Final.jar (17 kB) | quarkus-security-spi-1.7.2.Final.jar (3.3 kB) | arc-processor-1.7.2.Final.jar (74/319 kB) | quarkus-arc-deployment-1.7.2.Final.jar (94/166 kB) | quarkus-vertx-http-deployment-1.7.2.Final.jar (38 kB)Progress (5): quarkus-kubernetes-spi-1.7.2.Final.jar (17 kB) | quarkus-security-spi-1.7.2.Final.jar (3.3 kB) | arc-processor-1.7.2.Final.jar (77/319 kB) | quarkus-arc-deployment-1.7.2.Final.jar (94/166 kB) | quarkus-vertx-http-deployment-1.7.2.Final.jar (38 kB)Progress (5): quarkus-kubernetes-spi-1.7.2.Final.jar (17 kB) | quarkus-security-spi-1.7.2.Final.jar (3.3 kB) | arc-processor-1.7.2.Final.jar (77/319 kB) | quarkus-arc-deployment-1.7.2.Final.jar (98/166 kB) | quarkus-vertx-http-deployment-1.7.2.Final.jar (38 kB)Progress (5): quarkus-kubernetes-spi-1.7.2.Final.jar (17 kB) | quarkus-security-spi-1.7.2.Final.jar (3.3 kB) | arc-processor-1.7.2.Final.jar (80/319 kB) | quarkus-arc-deployment-1.7.2.Final.jar (98/166 kB) | quarkus-vertx-http-deployment-1.7.2.Final.jar (38 kB)Progress (5): quarkus-kubernetes-spi-1.7.2.Final.jar (17 kB) | quarkus-security-spi-1.7.2.Final.jar (3.3 kB) | arc-processor-1.7.2.Final.jar (80/319 kB) | quarkus-arc-deployment-1.7.2.Final.jar (102/166 kB) | quarkus-vertx-http-deployment-1.7.2.Final.jar (38 kB)                                                                                                                                                                                                                                                                      Downloaded from central: https://repo.maven.apache.org/maven2/io/quarkus/quarkus-kubernetes-spi/1.7.2.Final/quarkus-kubernetes-spi-1.7.2.Final.jar (17 kB at 33 kB/s)
Downloading from central: https://repo.maven.apache.org/maven2/io/quarkus/quarkus-resteasy-deployment/1.7.2.Final/quarkus-resteasy-deployment-1.7.2.Final.jar
Progress (4): quarkus-security-spi-1.7.2.Final.jar (3.3 kB) | arc-processor-1.7.2.Final.jar (80/319 kB) | quarkus-arc-deployment-1.7.2.Final.jar (106/166 kB) | quarkus-vertx-http-deployment-1.7.2.Final.jar (38 kB)Progress (4): quarkus-security-spi-1.7.2.Final.jar (3.3 kB) | arc-processor-1.7.2.Final.jar (80/319 kB) | quarkus-arc-deployment-1.7.2.Final.jar (111/166 kB) | quarkus-vertx-http-deployment-1.7.2.Final.jar (38 kB)Progress (4): quarkus-security-spi-1.7.2.Final.jar (3.3 kB) | arc-processor-1.7.2.Final.jar (82/319 kB) | quarkus-arc-deployment-1.7.2.Final.jar (111/166 kB) | quarkus-vertx-http-deployment-1.7.2.Final.jar (38 kB)Progress (4): quarkus-security-spi-1.7.2.Final.jar (3.3 kB) | arc-processor-1.7.2.Final.jar (82/319 kB) | quarkus-arc-deployment-1.7.2.Final.jar (115/166 kB) | quarkus-vertx-http-deployment-1.7.2.Final.jar (38 kB)Progress (4): quarkus-security-spi-1.7.2.Final.jar (3.3 kB) | arc-processor-1.7.2.Final.jar (85/319 kB) | quarkus-arc-deployment-1.7.2.Final.jar (115/166 kB) | quarkus-vertx-http-deployment-1.7.2.Final.jar (38 kB)Progress (4): quarkus-security-spi-1.7.2.Final.jar (3.3 kB) | arc-processor-1.7.2.Final.jar (88/319 kB) | quarkus-arc-deployment-1.7.2.Final.jar (115/166 kB) | quarkus-vertx-http-deployment-1.7.2.Final.jar (38 kB)Progress (4): quarkus-security-spi-1.7.2.Final.jar (3.3 kB) | arc-processor-1.7.2.Final.jar (88/319 kB) | quarkus-arc-deployment-1.7.2.Final.jar (119/166 kB) | quarkus-vertx-http-deployment-1.7.2.Final.jar (38 kB)Progress (4): quarkus-security-spi-1.7.2.Final.jar (3.3 kB) | arc-processor-1.7.2.Final.jar (90/319 kB) | quarkus-arc-deployment-1.7.2.Final.jar (119/166 kB) | quarkus-vertx-http-deployment-1.7.2.Final.jar (38 kB)Progress (4): quarkus-security-spi-1.7.2.Final.jar (3.3 kB) | arc-processor-1.7.2.Final.jar (90/319 kB) | quarkus-arc-deployment-1.7.2.Final.jar (123/166 kB) | quarkus-vertx-http-deployment-1.7.2.Final.jar (38 kB)Progress (4): quarkus-security-spi-1.7.2.Final.jar (3.3 kB) | arc-processor-1.7.2.Final.jar (93/319 kB) | quarkus-arc-deployment-1.7.2.Final.jar (123/166 kB) | quarkus-vertx-http-deployment-1.7.2.Final.jar (38 kB)Progress (4): quarkus-security-spi-1.7.2.Final.jar (3.3 kB) | arc-processor-1.7.2.Final.jar (96/319 kB) | quarkus-arc-deployment-1.7.2.Final.jar (123/166 kB) | quarkus-vertx-http-deployment-1.7.2.Final.jar (38 kB)Progress (4): quarkus-security-spi-1.7.2.Final.jar (3.3 kB) | arc-processor-1.7.2.Final.jar (96/319 kB) | quarkus-arc-deployment-1.7.2.Final.jar (127/166 kB) | quarkus-vertx-http-deployment-1.7.2.Final.jar (38 kB)Progress (4): quarkus-security-spi-1.7.2.Final.jar (3.3 kB) | arc-processor-1.7.2.Final.jar (99/319 kB) | quarkus-arc-deployment-1.7.2.Final.jar (127/166 kB) | quarkus-vertx-http-deployment-1.7.2.Final.jar (38 kB)Progress (4): quarkus-security-spi-1.7.2.Final.jar (3.3 kB) | arc-processor-1.7.2.Final.jar (99/319 kB) | quarkus-arc-deployment-1.7.2.Final.jar (131/166 kB) | quarkus-vertx-http-deployment-1.7.2.Final.jar (38 kB)Progress (4): quarkus-security-spi-1.7.2.Final.jar (3.3 kB) | arc-processor-1.7.2.Final.jar (101/319 kB) | quarkus-arc-deployment-1.7.2.Final.jar (131/166 kB) | quarkus-vertx-http-deployment-1.7.2.Final.jar (38 kB)Progress (4): quarkus-security-spi-1.7.2.Final.jar (3.3 kB) | arc-processor-1.7.2.Final.jar (104/319 kB) | quarkus-arc-deployment-1.7.2.Final.jar (131/166 kB) | quarkus-vertx-http-deployment-1.7.2.Final.jar (38 kB)Progress (4): quarkus-security-spi-1.7.2.Final.jar (3.3 kB) | arc-processor-1.7.2.Final.jar (107/319 kB) | quarkus-arc-deployment-1.7.2.Final.jar (131/166 kB) | quarkus-vertx-http-deployment-1.7.2.Final.jar (38 kB)Progress (4): quarkus-security-spi-1.7.2.Final.jar (3.3 kB) | arc-processor-1.7.2.Final.jar (107/319 kB) | quarkus-arc-deployment-1.7.2.Final.jar (135/166 kB) | quarkus-vertx-http-deployment-1.7.2.Final.jar (38 kB)Progress (4): quarkus-security-spi-1.7.2.Final.jar (3.3 kB) | arc-processor-1.7.2.Final.jar (110/319 kB) | quarkus-arc-deployment-1.7.2.Final.jar (135/166 kB) | quarkus-vertx-http-deployment-1.7.2.Final.jar (38 kB)Progress (4): quarkus-security-spi-1.7.2.Final.jar (3.3 kB) | arc-processor-1.7.2.Final.jar (110/319 kB) | quarkus-arc-deployment-1.7.2.Final.jar (139/166 kB) | quarkus-vertx-http-deployment-1.7.2.Final.jar (38 kB)Progress (4): quarkus-security-spi-1.7.2.Final.jar (3.3 kB) | arc-processor-1.7.2.Final.jar (112/319 kB) | quarkus-arc-deployment-1.7.2.Final.jar (139/166 kB) | quarkus-vertx-http-deployment-1.7.2.Final.jar (38 kB)Progress (4): quarkus-security-spi-1.7.2.Final.jar (3.3 kB) | arc-processor-1.7.2.Final.jar (115/319 kB) | quarkus-arc-deployment-1.7.2.Final.jar (139/166 kB) | quarkus-vertx-http-deployment-1.7.2.Final.jar (38 kB)Progress (4): quarkus-security-spi-1.7.2.Final.jar (3.3 kB) | arc-processor-1.7.2.Final.jar (115/319 kB) | quarkus-arc-deployment-1.7.2.Final.jar (143/166 kB) | quarkus-vertx-http-deployment-1.7.2.Final.jar (38 kB)Progress (4): quarkus-security-spi-1.7.2.Final.jar (3.3 kB) | arc-processor-1.7.2.Final.jar (115/319 kB) | quarkus-arc-deployment-1.7.2.Final.jar (147/166 kB) | quarkus-vertx-http-deployment-1.7.2.Final.jar (38 kB)Progress (4): quarkus-security-spi-1.7.2.Final.jar (3.3 kB) | arc-processor-1.7.2.Final.jar (115/319 kB) | quarkus-arc-deployment-1.7.2.Final.jar (152/166 kB) | quarkus-vertx-http-deployment-1.7.2.Final.jar (38 kB)Progress (4): quarkus-security-spi-1.7.2.Final.jar (3.3 kB) | arc-processor-1.7.2.Final.jar (115/319 kB) | quarkus-arc-deployment-1.7.2.Final.jar (156/166 kB) | quarkus-vertx-http-deployment-1.7.2.Final.jar (38 kB)Progress (4): quarkus-security-spi-1.7.2.Final.jar (3.3 kB) | arc-processor-1.7.2.Final.jar (115/319 kB) | quarkus-arc-deployment-1.7.2.Final.jar (160/166 kB) | quarkus-vertx-http-deployment-1.7.2.Final.jar (38 kB)Progress (4): quarkus-security-spi-1.7.2.Final.jar (3.3 kB) | arc-processor-1.7.2.Final.jar (115/319 kB) | quarkus-arc-deployment-1.7.2.Final.jar (164/166 kB) | quarkus-vertx-http-deployment-1.7.2.Final.jar (38 kB)Progress (4): quarkus-security-spi-1.7.2.Final.jar (3.3 kB) | arc-processor-1.7.2.Final.jar (115/319 kB) | quarkus-arc-deployment-1.7.2.Final.jar (166 kB) | quarkus-vertx-http-deployment-1.7.2.Final.jar (38 kB)    Progress (4): quarkus-security-spi-1.7.2.Final.jar (3.3 kB) | arc-processor-1.7.2.Final.jar (118/319 kB) | quarkus-arc-deployment-1.7.2.Final.jar (166 kB) | quarkus-vertx-http-deployment-1.7.2.Final.jar (38 kB)Progress (4): quarkus-security-spi-1.7.2.Final.jar (3.3 kB) | arc-processor-1.7.2.Final.jar (121/319 kB) | quarkus-arc-deployment-1.7.2.Final.jar (166 kB) | quarkus-vertx-http-deployment-1.7.2.Final.jar (38 kB)Progress (4): quarkus-security-spi-1.7.2.Final.jar (3.3 kB) | arc-processor-1.7.2.Final.jar (123/319 kB) | quarkus-arc-deployment-1.7.2.Final.jar (166 kB) | quarkus-vertx-http-deployment-1.7.2.Final.jar (38 kB)Progress (4): quarkus-security-spi-1.7.2.Final.jar (3.3 kB) | arc-processor-1.7.2.Final.jar (126/319 kB) | quarkus-arc-deployment-1.7.2.Final.jar (166 kB) | quarkus-vertx-http-deployment-1.7.2.Final.jar (38 kB)Progress (4): quarkus-security-spi-1.7.2.Final.jar (3.3 kB) | arc-processor-1.7.2.Final.jar (129/319 kB) | quarkus-arc-deployment-1.7.2.Final.jar (166 kB) | quarkus-vertx-http-deployment-1.7.2.Final.jar (38 kB)Progress (4): quarkus-security-spi-1.7.2.Final.jar (3.3 kB) | arc-processor-1.7.2.Final.jar (132/319 kB) | quarkus-arc-deployment-1.7.2.Final.jar (166 kB) | quarkus-vertx-http-deployment-1.7.2.Final.jar (38 kB)Progress (5): quarkus-security-spi-1.7.2.Final.jar (3.3 kB) | arc-processor-1.7.2.Final.jar (132/319 kB) | quarkus-arc-deployment-1.7.2.Final.jar (166 kB) | quarkus-vertx-http-deployment-1.7.2.Final.jar (38 kB) | quarkus-resteasy-deployment-1.7.2.Final.jar (2.7/18 kB)Progress (5): quarkus-security-spi-1.7.2.Final.jar (3.3 kB) | arc-processor-1.7.2.Final.jar (134/319 kB) | quarkus-arc-deployment-1.7.2.Final.jar (166 kB) | quarkus-vertx-http-deployment-1.7.2.Final.jar (38 kB) | quarkus-resteasy-deployment-1.7.2.Final.jar (2.7/18 kB)Progress (5): quarkus-security-spi-1.7.2.Final.jar (3.3 kB) | arc-processor-1.7.2.Final.jar (137/319 kB) | quarkus-arc-deployment-1.7.2.Final.jar (166 kB) | quarkus-vertx-http-deployment-1.7.2.Final.jar (38 kB) | quarkus-resteasy-deployment-1.7.2.Final.jar (2.7/18 kB)Progress (5): quarkus-security-spi-1.7.2.Final.jar (3.3 kB) | arc-processor-1.7.2.Final.jar (140/319 kB) | quarkus-arc-deployment-1.7.2.Final.jar (166 kB) | quarkus-vertx-http-deployment-1.7.2.Final.jar (38 kB) | quarkus-resteasy-deployment-1.7.2.Final.jar (2.7/18 kB)Progress (5): quarkus-security-spi-1.7.2.Final.jar (3.3 kB) | arc-processor-1.7.2.Final.jar (143/319 kB) | quarkus-arc-deployment-1.7.2.Final.jar (166 kB) | quarkus-vertx-http-deployment-1.7.2.Final.jar (38 kB) | quarkus-resteasy-deployment-1.7.2.Final.jar (2.7/18 kB)Progress (5): quarkus-security-spi-1.7.2.Final.jar (3.3 kB) | arc-processor-1.7.2.Final.jar (145/319 kB) | quarkus-arc-deployment-1.7.2.Final.jar (166 kB) | quarkus-vertx-http-deployment-1.7.2.Final.jar (38 kB) | quarkus-resteasy-deployment-1.7.2.Final.jar (2.7/18 kB)Progress (5): quarkus-security-spi-1.7.2.Final.jar (3.3 kB) | arc-processor-1.7.2.Final.jar (148/319 kB) | quarkus-arc-deployment-1.7.2.Final.jar (166 kB) | quarkus-vertx-http-deployment-1.7.2.Final.jar (38 kB) | quarkus-resteasy-deployment-1.7.2.Final.jar (2.7/18 kB)Progress (5): quarkus-security-spi-1.7.2.Final.jar (3.3 kB) | arc-processor-1.7.2.Final.jar (151/319 kB) | quarkus-arc-deployment-1.7.2.Final.jar (166 kB) | quarkus-vertx-http-deployment-1.7.2.Final.jar (38 kB) | quarkus-resteasy-deployment-1.7.2.Final.jar (2.7/18 kB)Progress (5): quarkus-security-spi-1.7.2.Final.jar (3.3 kB) | arc-processor-1.7.2.Final.jar (154/319 kB) | quarkus-arc-deployment-1.7.2.Final.jar (166 kB) | quarkus-vertx-http-deployment-1.7.2.Final.jar (38 kB) | quarkus-resteasy-deployment-1.7.2.Final.jar (2.7/18 kB)Progress (5): quarkus-security-spi-1.7.2.Final.jar (3.3 kB) | arc-processor-1.7.2.Final.jar (156/319 kB) | quarkus-arc-deployment-1.7.2.Final.jar (166 kB) | quarkus-vertx-http-deployment-1.7.2.Final.jar (38 kB) | quarkus-resteasy-deployment-1.7.2.Final.jar (2.7/18 kB)Progress (5): quarkus-security-spi-1.7.2.Final.jar (3.3 kB) | arc-processor-1.7.2.Final.jar (159/319 kB) | quarkus-arc-deployment-1.7.2.Final.jar (166 kB) | quarkus-vertx-http-deployment-1.7.2.Final.jar (38 kB) | quarkus-resteasy-deployment-1.7.2.Final.jar (2.7/18 kB)Progress (5): quarkus-security-spi-1.7.2.Final.jar (3.3 kB) | arc-processor-1.7.2.Final.jar (162/319 kB) | quarkus-arc-deployment-1.7.2.Final.jar (166 kB) | quarkus-vertx-http-deployment-1.7.2.Final.jar (38 kB) | quarkus-resteasy-deployment-1.7.2.Final.jar (2.7/18 kB)Progress (5): quarkus-security-spi-1.7.2.Final.jar (3.3 kB) | arc-processor-1.7.2.Final.jar (165/319 kB) | quarkus-arc-deployment-1.7.2.Final.jar (166 kB) | quarkus-vertx-http-deployment-1.7.2.Final.jar (38 kB) | quarkus-resteasy-deployment-1.7.2.Final.jar (2.7/18 kB)Progress (5): quarkus-security-spi-1.7.2.Final.jar (3.3 kB) | arc-processor-1.7.2.Final.jar (167/319 kB) | quarkus-arc-deployment-1.7.2.Final.jar (166 kB) | quarkus-vertx-http-deployment-1.7.2.Final.jar (38 kB) | quarkus-resteasy-deployment-1.7.2.Final.jar (2.7/18 kB)Progress (5): quarkus-security-spi-1.7.2.Final.jar (3.3 kB) | arc-processor-1.7.2.Final.jar (170/319 kB) | quarkus-arc-deployment-1.7.2.Final.jar (166 kB) | quarkus-vertx-http-deployment-1.7.2.Final.jar (38 kB) | quarkus-resteasy-deployment-1.7.2.Final.jar (2.7/18 kB)Progress (5): quarkus-security-spi-1.7.2.Final.jar (3.3 kB) | arc-processor-1.7.2.Final.jar (173/319 kB) | quarkus-arc-deployment-1.7.2.Final.jar (166 kB) | quarkus-vertx-http-deployment-1.7.2.Final.jar (38 kB) | quarkus-resteasy-deployment-1.7.2.Final.jar (2.7/18 kB)Progress (5): quarkus-security-spi-1.7.2.Final.jar (3.3 kB) | arc-processor-1.7.2.Final.jar (175/319 kB) | quarkus-arc-deployment-1.7.2.Final.jar (166 kB) | quarkus-vertx-http-deployment-1.7.2.Final.jar (38 kB) | quarkus-resteasy-deployment-1.7.2.Final.jar (2.7/18 kB)Progress (5): quarkus-security-spi-1.7.2.Final.jar (3.3 kB) | arc-processor-1.7.2.Final.jar (178/319 kB) | quarkus-arc-deployment-1.7.2.Final.jar (166 kB) | quarkus-vertx-http-deployment-1.7.2.Final.jar (38 kB) | quarkus-resteasy-deployment-1.7.2.Final.jar (2.7/18 kB)Progress (5): quarkus-security-spi-1.7.2.Final.jar (3.3 kB) | arc-processor-1.7.2.Final.jar (181/319 kB) | quarkus-arc-deployment-1.7.2.Final.jar (166 kB) | quarkus-vertx-http-deployment-1.7.2.Final.jar (38 kB) | quarkus-resteasy-deployment-1.7.2.Final.jar (2.7/18 kB)Progress (5): quarkus-security-spi-1.7.2.Final.jar (3.3 kB) | arc-processor-1.7.2.Final.jar (184/319 kB) | quarkus-arc-deployment-1.7.2.Final.jar (166 kB) | quarkus-vertx-http-deployment-1.7.2.Final.jar (38 kB) | quarkus-resteasy-deployment-1.7.2.Final.jar (2.7/18 kB)Progress (5): quarkus-security-spi-1.7.2.Final.jar (3.3 kB) | arc-processor-1.7.2.Final.jar (186/319 kB) | quarkus-arc-deployment-1.7.2.Final.jar (166 kB) | quarkus-vertx-http-deployment-1.7.2.Final.jar (38 kB) | quarkus-resteasy-deployment-1.7.2.Final.jar (2.7/18 kB)Progress (5): quarkus-security-spi-1.7.2.Final.jar (3.3 kB) | arc-processor-1.7.2.Final.jar (189/319 kB) | quarkus-arc-deployment-1.7.2.Final.jar (166 kB) | quarkus-vertx-http-deployment-1.7.2.Final.jar (38 kB) | quarkus-resteasy-deployment-1.7.2.Final.jar (2.7/18 kB)Progress (5): quarkus-security-spi-1.7.2.Final.jar (3.3 kB) | arc-processor-1.7.2.Final.jar (192/319 kB) | quarkus-arc-deployment-1.7.2.Final.jar (166 kB) | quarkus-vertx-http-deployment-1.7.2.Final.jar (38 kB) | quarkus-resteasy-deployment-1.7.2.Final.jar (2.7/18 kB)Progress (5): quarkus-security-spi-1.7.2.Final.jar (3.3 kB) | arc-processor-1.7.2.Final.jar (195/319 kB) | quarkus-arc-deployment-1.7.2.Final.jar (166 kB) | quarkus-vertx-http-deployment-1.7.2.Final.jar (38 kB) | quarkus-resteasy-deployment-1.7.2.Final.jar (2.7/18 kB)Progress (5): quarkus-security-spi-1.7.2.Final.jar (3.3 kB) | arc-processor-1.7.2.Final.jar (197/319 kB) | quarkus-arc-deployment-1.7.2.Final.jar (166 kB) | quarkus-vertx-http-deployment-1.7.2.Final.jar (38 kB) | quarkus-resteasy-deployment-1.7.2.Final.jar (2.7/18 kB)Progress (5): quarkus-security-spi-1.7.2.Final.jar (3.3 kB) | arc-processor-1.7.2.Final.jar (200/319 kB) | quarkus-arc-deployment-1.7.2.Final.jar (166 kB) | quarkus-vertx-http-deployment-1.7.2.Final.jar (38 kB) | quarkus-resteasy-deployment-1.7.2.Final.jar (2.7/18 kB)Progress (5): quarkus-security-spi-1.7.2.Final.jar (3.3 kB) | arc-processor-1.7.2.Final.jar (203/319 kB) | quarkus-arc-deployment-1.7.2.Final.jar (166 kB) | quarkus-vertx-http-deployment-1.7.2.Final.jar (38 kB) | quarkus-resteasy-deployment-1.7.2.Final.jar (2.7/18 kB)Progress (5): quarkus-security-spi-1.7.2.Final.jar (3.3 kB) | arc-processor-1.7.2.Final.jar (206/319 kB) | quarkus-arc-deployment-1.7.2.Final.jar (166 kB) | quarkus-vertx-http-deployment-1.7.2.Final.jar (38 kB) | quarkus-resteasy-deployment-1.7.2.Final.jar (2.7/18 kB)Progress (5): quarkus-security-spi-1.7.2.Final.jar (3.3 kB) | arc-processor-1.7.2.Final.jar (208/319 kB) | quarkus-arc-deployment-1.7.2.Final.jar (166 kB) | quarkus-vertx-http-deployment-1.7.2.Final.jar (38 kB) | quarkus-resteasy-deployment-1.7.2.Final.jar (2.7/18 kB)Progress (5): quarkus-security-spi-1.7.2.Final.jar (3.3 kB) | arc-processor-1.7.2.Final.jar (211/319 kB) | quarkus-arc-deployment-1.7.2.Final.jar (166 kB) | quarkus-vertx-http-deployment-1.7.2.Final.jar (38 kB) | quarkus-resteasy-deployment-1.7.2.Final.jar (2.7/18 kB)Progress (5): quarkus-security-spi-1.7.2.Final.jar (3.3 kB) | arc-processor-1.7.2.Final.jar (214/319 kB) | quarkus-arc-deployment-1.7.2.Final.jar (166 kB) | quarkus-vertx-http-deployment-1.7.2.Final.jar (38 kB) | quarkus-resteasy-deployment-1.7.2.Final.jar (2.7/18 kB)Progress (5): quarkus-security-spi-1.7.2.Final.jar (3.3 kB) | arc-processor-1.7.2.Final.jar (217/319 kB) | quarkus-arc-deployment-1.7.2.Final.jar (166 kB) | quarkus-vertx-http-deployment-1.7.2.Final.jar (38 kB) | quarkus-resteasy-deployment-1.7.2.Final.jar (2.7/18 kB)Progress (5): quarkus-security-spi-1.7.2.Final.jar (3.3 kB) | arc-processor-1.7.2.Final.jar (219/319 kB) | quarkus-arc-deployment-1.7.2.Final.jar (166 kB) | quarkus-vertx-http-deployment-1.7.2.Final.jar (38 kB) | quarkus-resteasy-deployment-1.7.2.Final.jar (2.7/18 kB)Progress (5): quarkus-security-spi-1.7.2.Final.jar (3.3 kB) | arc-processor-1.7.2.Final.jar (223/319 kB) | quarkus-arc-deployment-1.7.2.Final.jar (166 kB) | quarkus-vertx-http-deployment-1.7.2.Final.jar (38 kB) | quarkus-resteasy-deployment-1.7.2.Final.jar (2.7/18 kB)Progress (5): quarkus-security-spi-1.7.2.Final.jar (3.3 kB) | arc-processor-1.7.2.Final.jar (227/319 kB) | quarkus-arc-deployment-1.7.2.Final.jar (166 kB) | quarkus-vertx-http-deployment-1.7.2.Final.jar (38 kB) | quarkus-resteasy-deployment-1.7.2.Final.jar (2.7/18
[...]
&amp#27;[39mHibernate: 
    
    drop table if exists Villain CASCADE 
Hibernate: 
    
    drop sequence if exists hibernate_sequence
Hibernate: create sequence hibernate_sequence start with 1 increment by 1
Hibernate: 
    
    create table Villain (
       id bigint not null,
        level integer not null check (level>=1),
        name varchar(50) not null,
        otherName varchar(255),
        picture varchar(255),
        powers TEXT,
        primary key (id)
    )
Hibernate: 
    INSERT INTO villain(id, name, otherName, picture, powers, level) VALUES (nextval('hibernate_sequence'), 'Buuccolo', 'Majin Buu', 'https://www.superherodb.com/pictures2/portraits/11/050/15355.jpg', 'Accelerated Healing, Adaptation, Agility, Flight, Immortality, Intelligence, Invulnerability, Reflexes, Self-Sustenance, Size Changing, Spatial Awareness, Stamina, Stealth, Super Breath, Super Speed, Super Strength, Teleportation', 22)
Hibernate: 
    INSERT INTO villain(id, name, otherName, picture, powers, level) VALUES (nextval('hibernate_sequence'), 'Darth Vader', 'Anakin Skywalker', 'https://www.superherodb.com/pictures2/portraits/10/050/10444.jpg', 'Accelerated Healing, Agility, Astral Projection, Cloaking, Danger Sense, Durability, Electrokinesis, Energy Blasts, Enhanced Hearing, Enhanced Senses, Force Fields, Hypnokinesis, Illusions, Intelligence, Jump, Light Control, Marksmanship, Precognition, Psionic Powers, Reflexes, Stealth, Super Speed, Telekinesis, Telepathy, The Force, Weapons Master', 13)
Hibernate: 
    INSERT INTO villain(id, name, otherName, picture, powers, level) VALUES (nextval('hibernate_sequence'), 'The Rival (CW)', 'Edward Clariss', 'https://www.superherodb.com/pictures2/portraits/11/050/13846.jpg', 'Accelerated Healing, Agility, Bullet Time, Durability, Electrokinesis, Endurance, Enhanced Senses, Intangibility, Marksmanship, Phasing, Reflexes, Speed Force, Stamina, Super Speed, Super Strength', 10)
Hibernate: 
    INSERT INTO villain(id, name, otherName, picture, powers, level) VALUES (nextval('hibernate_sequence'), 'William Stryker (FOX)', 'William Stryker, Jr.', 'https://www.superherodb.com/pictures2/portraits/10/050/13957.jpg', 'Intelligence, Intuitive aptitude, Marksmanship, Weapon-based Powers', 9)
Hibernate: 
    INSERT INTO villain(id, name, otherName, picture, powers, level) VALUES (nextval('hibernate_sequence'), 'Annihilus', 'Annihilus', 'https://www.superherodb.com/pictures2/portraits/10/050/1307.jpg', 'Agility, Durability, Flight, Reflexes, Stamina, Super Speed, Super Strength', 8)
Hibernate: 
    INSERT INTO villain(id, name, otherName, picture, powers, level) VALUES (nextval('hibernate_sequence'), 'Angel Salvadore (FOX)', 'Angel Salvadore', 'https://www.superherodb.com/pictures2/portraits/11/050/14367.jpg', 'Animal Attributes, Animal Oriented Powers, Energy Blasts, Flight, Regeneration, Toxin and Disease Control', 3)
Hibernate: 
    INSERT INTO villain(id, name, otherName, picture, powers, level) VALUES (nextval('hibernate_sequence'), 'Laufey (MCU)', 'Laufey', 'https://www.superherodb.com/pictures2/portraits/11/050/13974.jpg', 'Cold Resistance, Cryokinesis, Durability, Invulnerability, Longevity, Super Strength', 7)
Hibernate: 
    INSERT INTO villain(id, name, otherName, picture, powers, level) VALUES (nextval('hibernate_sequence'), 'Tobias Whale (CW)', 'Tobias Whale', 'https://www.superherodb.com/pictures2/portraits/11/050/15894.jpg', 'Durability, Endurance, Longevity, Marksmanship, Stamina, Super Strength', 5)
Hibernate: 
    INSERT INTO villain(id, name, otherName, picture, powers, level) VALUES (nextval('hibernate_sequence'), 'Towa', 'Towa', 'https://www.superherodb.com/pictures2/portraits/10/050/14841.jpg',         'Agility, Biokinesis, Durability, Energy Armor, Energy Beams, Energy Blasts, Energy Manipulation, Enhanced Senses, Flight, Force Fields, Intelligence, Magic, Mind Control, Portal Creation, Possession, Power Augmentation, Power Nullifier, Power Sense, Reflexes, Resurrection, Self-Sustenance, Size Changing, Stamina, Summoning, Super Speed, Super Strength, Teleportation, Time Travel, Umbrakinesis', 35)
Hibernate: 
    INSERT INTO villain(id, name, otherName, picture, powers, level) VALUES (nextval('hibernate_sequence'), 'Hela (MCU)', 'Hela Odinsdottir', 'https://www.superherodb.com/pictures2/portraits/11/050/12595.jpg', 'Accelerated Healing, Darkforce Manipulation, Durability, Elasticity, Longevity, Matter Manipulation, Portal Creation, Reflexes, Regeneration, Super Speed, Super Strength, Telekinesis', 17)
Hibernate: 
    INSERT INTO villain(id, name, otherName, picture, powers, level) VALUES (nextval('hibernate_sequence'), 'Queen Azshara', '', 'https://www.superherodb.com/pictures2/portraits/11/050/14261.jpg', 'Accelerated Healing, Astral Projection, Astral Travel, Darkforce Manipulation, Element Control, Energy Beams, Energy Blasts, Energy Manipulation, Enhanced Senses, Fire Control, Flight, Force Fields, Hair Manipulation, Heat Generation, Immortality, Invisibility, Magic, Matter Manipulation, Mind Blast, Phasing, Possession, Psionic Powers, Telepathy, Teleportation', 39)
Hibernate: 
    INSERT INTO villain(id, name, otherName, picture, powers, level) VALUES (nextval('hibernate_sequence'), 'Proto-Goblin', 'Nels Van Adder', 'https://www.superherodb.com/pictures2/portraits/10/050/1402.jpg', 'Agility, Durability, Natural Weapons, Super Strength', 5)
Hibernate: 
    INSERT INTO villain(id, name, otherName, picture, powers, level) VALUES (nextval('hibernate_sequence'), 'Ego (MCU)', 'Ego', 'https://www.superherodb.com/pictures2/portraits/11/050/13892.jpg', 'Durability, Element Control, Energy Manipulation, Flight, Immortality, Intelligence, Invulnerability, Light Control, Matter Manipulation, Molecular Manipulation, Self-Sustenance, Shapeshifting, Super Strength', 22)
Hibernate: 
    INSERT INTO villain(id, name, otherName, picture, powers, level) VALUES (nextval('hibernate_sequence'), 'Starscream', 'Starscream', 'https://www.superherodb.com/pictures2/portraits/10/050/10598.jpg',         'Agility, Biokinesis, Durability, Energy Beams, Energy Blasts, Energy Constructs, Energy Manipulation, Flight, Intelligence, Invulnerability, Jump, Longevity, Marksmanship, Natural Armor, Natural Weapons, Physical Anomaly, Shapeshifting, Size Changing, Stamina, Stealth, Super Speed, Super Strength, Toxin and Disease Resistance, Weapon-based Powers, Weapons Master', 11)
Hibernate: 
    INSERT INTO villain(id, name, otherName, picture, powers, level) VALUES (nextval('hibernate_sequence'), 'Janemba', 'Janemba', 'https://www.superherodb.com/pictures2/portraits/10/050/11523.jpg',         'Absorption, Agility, Duplication, Elasticity, Energy Absorption, Energy Armor, Energy Beams, Energy Blasts, Energy Manipulation, Enhanced Senses, Flight, Force Fields, Immortality, Invulnerability, Magic, Matter Manipulation, Molecular Manipulation, Portal Creation, Possession, Power Absorption, Power Augmentation, Power Nullifier, Power Sense, Reality Warping, Reflexes, Regeneration, Self-Sustenance, Stamina, Super Speed, Super Strength, Telekinesis, Teleportation, Weapon-based Powers, Weapons Master',         50)
Hibernate: 
    INSERT INTO villain(id, name, otherName, picture, powers, level) VALUES (nextval('hibernate_sequence'), 'Green Goblin II', 'Harold Osborn', 'https://www.superherodb.com/pictures2/portraits/10/050/25.jpg', 'Accelerated Healing, Durability, Insanity, Intelligence, Reflexes, Stamina, Super Speed, Super Strength', 7)
Hibernate: 
    INSERT INTO villain(id, name, otherName, picture, powers, level) VALUES (nextval('hibernate_sequence'), 'Elle Bishop', '', 'https://www.superherodb.com/pictures2/portraits/10/050/1021.jpg', 'Electrokinesis', 5)
&amp#27;[38;5;145m20:25:20&amp#27;[39m&amp#27;[38;5;188m &amp#27;[39m&amp#27;[38;5;107mINFO &amp#27;[39m&amp#27;[38;5;188m traceId=&amp#27;[39m&amp#27;[38;5;85m&amp#27;[39m&amp#27;[38;5;188m,spanId=&amp#27;[39m&amp#27;[38;5;85m&amp#27;[39m&amp#27;[38;5;188m, sampled=&amp#27;[39m&amp#27;[38;5;85m&amp#27;[39m&amp#27;[38;5;188m [&amp#27;[39m&amp#27;[38;5;69mio.qu.wo.su.vi.VillainApplicationLifeCycle&amp#27;[39m&amp#27;[38;5;188m] (&amp#27;[39m&amp#27;[38;5;71mmain&amp#27;[39m&amp#27;[38;5;188m) &amp#27;[39m&amp#27;[38;5;151m __     ___ _ _       _             _    ____ ___ &amp#27;[39m&amp#27;[38;5;203m&amp#27;[39m&amp#27;[38;5;227m
&amp#27;[39m&amp#27;[38;5;145m20:25:20&amp#27;[39m&amp#27;[38;5;188m &amp#27;[39m&amp#27;[38;5;107mINFO &amp#27;[39m&amp#27;[38;5;188m traceId=&amp#27;[39m&amp#27;[38;5;85m&amp#27;[39m&amp#27;[38;5;188m,spanId=&amp#27;[39m&amp#27;[38;5;85m&amp#27;[39m&amp#27;[38;5;188m, sampled=&amp#27;[39m&amp#27;[38;5;85m&amp#27;[39m&amp#27;[38;5;188m [&amp#27;[39m&amp#27;[38;5;69mio.qu.wo.su.vi.VillainApplicationLifeCycle&amp#27;[39m&amp#27;[38;5;188m] (&amp#27;[39m&amp#27;[38;5;71mmain&amp#27;[39m&amp#27;[38;5;188m) &amp#27;[39m&amp#27;[38;5;151m \ \   / (_) | | __ _(_)_ __       / \  |  _ \_ _|&amp#27;[39m&amp#27;[38;5;203m&amp#27;[39m&amp#27;[38;5;227m
&amp#27;[39m&amp#27;[38;5;145m20:25:20&amp#27;[39m&amp#27;[38;5;188m &amp#27;[39m&amp#27;[38;5;107mINFO &amp#27;[39m&amp#27;[38;5;188m traceId=&amp#27;[39m&amp#27;[38;5;85m&amp#27;[39m&amp#27;[38;5;188m,spanId=&amp#27;[39m&amp#27;[38;5;85m&amp#27;[39m&amp#27;[38;5;188m, sampled=&amp#27;[39m&amp#27;[38;5;85m&amp#27;[39m&amp#27;[38;5;188m [&amp#27;[39m&amp#27;[38;5;69mio.qu.wo.su.vi.VillainApplicationLifeCycle&amp#27;[39m&amp#27;[38;5;188m] (&amp#27;[39m&amp#27;[38;5;71mmain&amp#27;[39m&amp#27;[38;5;188m) &amp#27;[39m&amp#27;[38;5;151m  \ \ / /| | | |/ _` | | '_ \     / _ \ | |_) | | &amp#27;[39m&amp#27;[38;5;203m&amp#27;[39m&amp#27;[38;5;227m
&amp#27;[39m&amp#27;[38;5;145m20:25:20&amp#27;[39m&amp#27;[38;5;188m &amp#27;[39m&amp#27;[38;5;107mINFO &amp#27;[39m&amp#27;[38;5;188m traceId=&amp#27;[39m&amp#27;[38;5;85m&amp#27;[39m&amp#27;[38;5;188m,spanId=&amp#27;[39m&amp#27;[38;5;85m&amp#27;[39m&amp#27;[38;5;188m, sampled=&amp#27;[39m&amp#27;[38;5;85m&amp#27;[39m&amp#27;[38;5;188m [&amp#27;[39m&amp#27;[38;5;69mio.qu.wo.su.vi.VillainApplicationLifeCycle&amp#27;[39m&amp#27;[38;5;188m] (&amp#27;[39m&amp#27;[38;5;71mmain&amp#27;[39m&amp#27;[38;5;188m) &amp#27;[39m&amp#27;[38;5;151m   \ V / | | | | (_| | | | | |   / ___ \|  __/| | &amp#27;[39m&amp#27;[38;5;203m&amp#27;[39m&amp#27;[38;5;227m
&amp#27;[39m&amp#27;[38;5;145m20:25:20&amp#27;[39m&amp#27;[38;5;188m &amp#27;[39m&amp#27;[38;5;107mINFO &amp#27;[39m&amp#27;[38;5;188m traceId=&amp#27;[39m&amp#27;[38;5;85m&amp#27;[39m&amp#27;[38;5;188m,spanId=&amp#27;[39m&amp#27;[38;5;85m&amp#27;[39m&amp#27;[38;5;188m, sampled=&amp#27;[39m&amp#27;[38;5;85m&amp#27;[39m&amp#27;[38;5;188m [&amp#27;[39m&amp#27;[38;5;69mio.qu.wo.su.vi.VillainApplicationLifeCycle&amp#27;[39m&amp#27;[38;5;188m] (&amp#27;[39m&amp#27;[38;5;71mmain&amp#27;[39m&amp#27;[38;5;188m) &amp#27;[39m&amp#27;[38;5;151m    \_/  |_|_|_|\__,_|_|_| |_|  /_/   \_\_|  |___|&amp#27;[39m&amp#27;[38;5;203m&amp#27;[39m&amp#27;[38;5;227m
&amp#27;[39m&amp#27;[38;5;145m20:25:20&amp#27;[39m&amp#27;[38;5;188m &amp#27;[39m&amp#27;[38;5;107mINFO &amp#27;[39m&amp#27;[38;5;188m traceId=&amp#27;[39m&amp#27;[38;5;85m&amp#27;[39m&amp#27;[38;5;188m,spanId=&amp#27;[39m&amp#27;[38;5;85m&amp#27;[39m&amp#27;[38;5;188m, sampled=&amp#27;[39m&amp#27;[38;5;85m&amp#27;[39m&amp#27;[38;5;188m [&amp#27;[39m&amp#27;[38;5;69mio.qu.wo.su.vi.VillainApplicationLifeCycle&amp#27;[39m&amp#27;[38;5;188m] (&amp#27;[39m&amp#27;[38;5;71mmain&amp#27;[39m&amp#27;[38;5;188m) &amp#27;[39m&amp#27;[38;5;151m                         Powered by Quarkus&amp#27;[39m&amp#27;[38;5;203m&amp#27;[39m&amp#27;[38;5;227m
&amp#27;[39m&amp#27;[38;5;145m20:25:20&amp#27;[39m&amp#27;[38;5;188m &amp#27;[39m&amp#27;[38;5;107mINFO &amp#27;[39m&amp#27;[38;5;188m traceId=&amp#27;[39m&amp#27;[38;5;85m&amp#27;[39m&amp#27;[38;5;188m,spanId=&amp#27;[39m&amp#27;[38;5;85m&amp#27;[39m&amp#27;[38;5;188m, sampled=&amp#27;[39m&amp#27;[38;5;85m&amp#27;[39m&amp#27;[38;5;188m [&amp#27;[39m&amp#27;[38;5;69mio.qu.wo.su.vi.VillainApplicationLifeCycle&amp#27;[39m&amp#27;[38;5;188m] (&amp#27;[39m&amp#27;[38;5;71mmain&amp#27;[39m&amp#27;[38;5;188m) &amp#27;[39m&amp#27;[38;5;151mThe application VILLAIN is starting with profile test&amp#27;[39m&amp#27;[38;5;203m&amp#27;[39m&amp#27;[38;5;227m
&amp#27;[39m&amp#27;[38;5;145m20:25:20&amp#27;[39m&amp#27;[38;5;188m &amp#27;[39m&amp#27;[38;5;107mINFO &amp#27;[39m&amp#27;[38;5;188m traceId=&amp#27;[39m&amp#27;[38;5;85m&amp#27;[39m&amp#27;[38;5;188m,spanId=&amp#27;[39m&amp#27;[38;5;85m&amp#27;[39m&amp#27;[38;5;188m, sampled=&amp#27;[39m&amp#27;[38;5;85m&amp#27;[39m&amp#27;[38;5;188m [&amp#27;[39m&amp#27;[38;5;69mio.quarkus&amp#27;[39m&amp#27;[38;5;188m] (&amp#27;[39m&amp#27;[38;5;71mmain&amp#27;[39m&amp#27;[38;5;188m) &amp#27;[39m&amp#27;[38;5;151m&amp#27;[39mQuarkus &amp#27;[38;5;188m1.7.2.Final&amp#27;[39m &amp#27;[38;5;188mon JVM&amp#27;[39m started in &amp#27;[38;5;188m8.329&amp#27;[39ms. &amp#27;[38;5;188mListening on: http://0.0.0.0:8081&amp#27;[39m&amp#27;[39m&amp#27;[38;5;203m&amp#27;[39m&amp#27;[38;5;227m
&amp#27;[39m&amp#27;[38;5;145m20:25:20&amp#27;[39m&amp#27;[38;5;188m &amp#27;[39m&amp#27;[38;5;107mINFO &amp#27;[39m&amp#27;[38;5;188m traceId=&amp#27;[39m&amp#27;[38;5;85m&amp#27;[39m&amp#27;[38;5;188m,spanId=&amp#27;[39m&amp#27;[38;5;85m&amp#27;[39m&amp#27;[38;5;188m, sampled=&amp#27;[39m&amp#27;[38;5;85m&amp#27;[39m&amp#27;[38;5;188m [&amp#27;[39m&amp#27;[38;5;69mio.quarkus&amp#27;[39m&amp#27;[38;5;188m] (&amp#27;[39m&amp#27;[38;5;71mmain&amp#27;[39m&amp#27;[38;5;188m) &amp#27;[39m&amp#27;[38;5;151m&amp#27;[39mProfile &amp#27;[38;5;188mtest&amp#27;[39m activated. &amp#27;[38;5;188m&amp#27;[39m&amp#27;[39m&amp#27;[38;5;203m&amp#27;[39m&amp#27;[38;5;227m
&amp#27;[39m&amp#27;[38;5;145m20:25:20&amp#27;[39m&amp#27;[38;5;188m &amp#27;[39m&amp#27;[38;5;107mINFO &amp#27;[39m&amp#27;[38;5;188m traceId=&amp#27;[39m&amp#27;[38;5;85m&amp#27;[39m&amp#27;[38;5;188m,spanId=&amp#27;[39m&amp#27;[38;5;85m&amp#27;[39m&amp#27;[38;5;188m, sampled=&amp#27;[39m&amp#27;[38;5;85m&amp#27;[39m&amp#27;[38;5;188m [&amp#27;[39m&amp#27;[38;5;69mio.quarkus&amp#27;[39m&amp#27;[38;5;188m] (&amp#27;[39m&amp#27;[38;5;71mmain&amp#27;[39m&amp#27;[38;5;188m) &amp#27;[39m&amp#27;[38;5;151m&amp#27;[39mInstalled features: [&amp#27;[38;5;188magroal, cdi, hibernate-orm, hibernate-orm-panache, hibernate-validator, jaeger, jdbc-h2, jdbc-postgresql, kubernetes, mutiny, narayana-jta, resteasy, resteasy-jsonb, smallrye-context-propagation, smallrye-health, smallrye-metrics, smallrye-openapi, smallrye-opentracing, swagger-ui&amp#27;[39m]&amp#27;[39m&amp#27;[38;5;203m&amp#27;[39m&amp#27;[38;5;227m
&amp#27;[39mHibernate: 
    select
        villain0_.id as id1_0_,
        villain0_.level as level2_0_,
        villain0_.name as name3_0_,
        villain0_.otherName as othernam4_0_,
        villain0_.picture as picture5_0_,
        villain0_.powers as powers6_0_ 
    from
        Villain villain0_
]]></system-out>
  </testcase>
  <testcase name="shouldAddAnItem" classname="io.quarkus.workshop.superheroes.villain.VillainResourceTest" time="0.899">
    <system-out><![CDATA[Hibernate: 
    call next value for hibernate_sequence
Hibernate: 
    insert 
    into
        Villain
        (level, name, otherName, picture, powers, id) 
    values
        (?, ?, ?, ?, ?, ?)
Hibernate: 
    select
        villain0_.id as id1_0_0_,
        villain0_.level as level2_0_0_,
        villain0_.name as name3_0_0_,
        villain0_.otherName as othernam4_0_0_,
        villain0_.picture as picture5_0_0_,
        villain0_.powers as powers6_0_0_ 
    from
        Villain villain0_ 
    where
        villain0_.id=?
Hibernate: 
    select
        villain0_.id as id1_0_,
        villain0_.level as level2_0_,
        villain0_.name as name3_0_,
        villain0_.otherName as othernam4_0_,
        villain0_.picture as picture5_0_,
        villain0_.powers as powers6_0_ 
    from
        Villain villain0_
]]></system-out>
  </testcase>
  <testcase name="testUpdatingAnItem" classname="io.quarkus.workshop.superheroes.villain.VillainResourceTest" time="0.131">
    <system-out><![CDATA[Hibernate: 
    select
        villain0_.id as id1_0_0_,
        villain0_.level as level2_0_0_,
        villain0_.name as name3_0_0_,
        villain0_.otherName as othernam4_0_0_,
        villain0_.picture as picture5_0_0_,
        villain0_.powers as powers6_0_0_ 
    from
        Villain villain0_ 
    where
        villain0_.id=?
Hibernate: 
    update
        Villain 
    set
        level=?,
        name=?,
        otherName=?,
        picture=?,
        powers=? 
    where
        id=?
Hibernate: 
    select
        villain0_.id as id1_0_,
        villain0_.level as level2_0_,
        villain0_.name as name3_0_,
        villain0_.otherName as othernam4_0_,
        villain0_.picture as picture5_0_,
        villain0_.powers as powers6_0_ 
    from
        Villain villain0_
]]></system-out>
  </testcase>
  <testcase name="shouldRemoveAnItem" classname="io.quarkus.workshop.superheroes.villain.VillainResourceTest" time="0.06">
    <system-out><![CDATA[Hibernate: 
    select
        villain0_.id as id1_0_0_,
        villain0_.level as level2_0_0_,
        villain0_.name as name3_0_0_,
        villain0_.otherName as othernam4_0_0_,
        villain0_.picture as picture5_0_0_,
        villain0_.powers as powers6_0_0_ 
    from
        Villain villain0_ 
    where
        villain0_.id=?
Hibernate: 
    delete 
    from
        Villain 
    where
        id=?
Hibernate: 
    select
        villain0_.id as id1_0_,
        villain0_.level as level2_0_,
        villain0_.name as name3_0_,
        villain0_.otherName as othernam4_0_,
        villain0_.picture as picture5_0_,
        villain0_.powers as powers6_0_ 
    from
        Villain villain0_
]]></system-out>
  </testcase>
  <testcase name="shouldGetRandomVillain" classname="io.quarkus.workshop.superheroes.villain.VillainResourceTest" time="0.042">
    <system-out><![CDATA[Hibernate: 
    select
        count(*) as col_0_0_ 
    from
        Villain villain0_
Hibernate: 
    select
        villain0_.id as id1_0_,
        villain0_.level as level2_0_,
        villain0_.name as name3_0_,
        villain0_.otherName as othernam4_0_,
        villain0_.picture as picture5_0_,
        villain0_.powers as powers6_0_ 
    from
        Villain villain0_ limit ? offset ?
]]></system-out>
  </testcase>
  <testcase name="shouldPingSwaggerUI" classname="io.quarkus.workshop.superheroes.villain.VillainResourceTest" time="0.035"/>
  <testcase name="shouldPingMetrics" classname="io.quarkus.workshop.superheroes.villain.VillainResourceTest" time="0.1"/>
  <testcase name="shouldPingReadiness" classname="io.quarkus.workshop.superheroes.villain.VillainResourceTest" time="0.055"/>
  <testcase name="shouldNotAddInvalidItem" classname="io.quarkus.workshop.superheroes.villain.VillainResourceTest" time="0.043"/>
  <testcase name="shouldPingLiveness" classname="io.quarkus.workshop.superheroes.villain.VillainResourceTest" time="0.01"/>
  <testcase name="shouldNotGetUnknownVillain" classname="io.quarkus.workshop.superheroes.villain.VillainResourceTest" time="0.02">
    <system-out><![CDATA[Hibernate: 
    select
        villain0_.id as id1_0_0_,
        villain0_.level as level2_0_0_,
        villain0_.name as name3_0_0_,
        villain0_.otherName as othernam4_0_0_,
        villain0_.picture as picture5_0_0_,
        villain0_.powers as powers6_0_0_ 
    from
        Villain villain0_ 
    where
        villain0_.id=?
]]></system-out>
  </testcase>
  <testcase name="testHelloEndpoint" classname="io.quarkus.workshop.superheroes.villain.VillainResourceTest" time="0.029"/>
  <testcase name="shouldPingOpenAPI" classname="io.quarkus.workshop.superheroes.villain.VillainResourceTest" time="0.014"/>
</testsuite>